"../../../Engine/Content/EngineResources/DefaultTexture.ubulk" 0
"../../../Engine/Content/EngineResources/DefaultTexture.uasset" 1
"../../../Engine/Content/EngineResources/DefaultTexture.uexp" 2
"../../../Engine/Content/EngineResources/DefaultTextureCube.uasset" 3
"../../../Engine/Content/EngineResources/DefaultTextureCube.uexp" 4
"../../../Engine/Content/EngineResources/DefaultVolumeTexture2D.uasset" 5
"../../../Engine/Content/EngineResources/DefaultVolumeTexture2D.uexp" 6
"../../../Engine/Content/EngineResources/DefaultVolumeTexture.uasset" 7
"../../../Engine/Content/EngineResources/DefaultVolumeTexture.uexp" 8
"../../../Engine/Content/EngineMeshes/Sphere.ubulk" 9
"../../../Engine/Content/EngineMeshes/Sphere.uasset" 10
"../../../Engine/Content/EngineMeshes/Sphere.uexp" 11
"../../../Engine/Content/EngineResources/GradientTexture0.uasset" 12
"../../../Engine/Content/EngineResources/GradientTexture0.uexp" 13
"../../../Engine/Content/EngineResources/Black.uasset" 14
"../../../Engine/Content/EngineResources/Black.uexp" 15
"../../../Engine/Content/EngineMaterials/T_Default_Material_Grid_M.ubulk" 16
"../../../Engine/Content/EngineMaterials/T_Default_Material_Grid_M.uasset" 17
"../../../Engine/Content/EngineMaterials/T_Default_Material_Grid_M.uexp" 18
"../../../Engine/Content/EngineMaterials/T_Default_Material_Grid_N.ubulk" 19
"../../../Engine/Content/EngineMaterials/T_Default_Material_Grid_N.uasset" 20
"../../../Engine/Content/EngineMaterials/T_Default_Material_Grid_N.uexp" 21
"../../../Engine/Content/Functions/Engine_MaterialFunctions01/Opacity/CameraDepthFade.uasset" 22
"../../../Engine/Content/Functions/Engine_MaterialFunctions01/Opacity/CameraDepthFade.uexp" 23
"../../../Engine/Content/EngineMaterials/WorldGridMaterial.uasset" 24
"../../../Engine/Content/EngineMaterials/WorldGridMaterial.uexp" 25
"../../../Engine/Content/ArtTools/RenderToTexture/Meshes/S_1_Unit_Plane.ubulk" 26
"../../../Engine/Content/ArtTools/RenderToTexture/Meshes/S_1_Unit_Plane.uasset" 27
"../../../Engine/Content/ArtTools/RenderToTexture/Meshes/S_1_Unit_Plane.uexp" 28
"../../../Engine/Plugins/Media/MediaPlate/Content/SM_MediaPlateScreen.ubulk" 29
"../../../Engine/Plugins/Media/MediaPlate/Content/SM_MediaPlateScreen.uasset" 30
"../../../Engine/Plugins/Media/MediaPlate/Content/SM_MediaPlateScreen.uexp" 31
"../../../Engine/Content/EngineMaterials/DefaultBokeh.uasset" 32
"../../../Engine/Content/EngineMaterials/DefaultBokeh.uexp" 33
"../../../Engine/Content/EngineMaterials/MiniFont.uasset" 34
"../../../Engine/Content/EngineMaterials/MiniFont.uexp" 35
"../../../Engine/Content/EngineMaterials/WeightMapPlaceholderTexture.uasset" 36
"../../../Engine/Content/EngineMaterials/WeightMapPlaceholderTexture.uexp" 37
"../../../Engine/Content/EngineMaterials/WeightMapArrayPlaceholderTexture.uasset" 38
"../../../Engine/Content/EngineMaterials/WeightMapArrayPlaceholderTexture.uexp" 39
"../../../Engine/Content/EngineMaterials/DefaultWhiteGrid.ubulk" 40
"../../../Engine/Content/EngineMaterials/DefaultWhiteGrid.uasset" 41
"../../../Engine/Content/EngineMaterials/DefaultWhiteGrid.uexp" 42
"../../../Engine/Content/EngineMaterials/PreintegratedSkinBRDF.uasset" 43
"../../../Engine/Content/EngineMaterials/PreintegratedSkinBRDF.uexp" 44
"../../../Engine/Content/Functions/Engine_MaterialFunctions02/WorldPositionOffset/CameraOffset.uasset" 45
"../../../Engine/Content/Functions/Engine_MaterialFunctions02/WorldPositionOffset/CameraOffset.uexp" 46
"../../../Engine/Plugins/Animation/ControlRig/Content/M_Manip.uasset" 47
"../../../Engine/Plugins/Animation/ControlRig/Content/M_Manip.uexp" 48
"../../../Engine/Plugins/Animation/ACLPlugin/Content/ACLAnimCurveCompressionSettings.uasset" 49
"../../../Engine/Plugins/Animation/ACLPlugin/Content/ACLAnimCurveCompressionSettings.uexp" 50
"../../../Engine/Plugins/Animation/ACLPlugin/Content/ACLAnimBoneCompressionSettings.uasset" 51
"../../../Engine/Plugins/Animation/ACLPlugin/Content/ACLAnimBoneCompressionSettings.uexp" 52
"../../../Engine/Plugins/2D/Paper2D/Content/PlaceholderTextures/DummySpriteTexture.ubulk" 53
"../../../Engine/Plugins/2D/Paper2D/Content/PlaceholderTextures/DummySpriteTexture.uasset" 54
"../../../Engine/Plugins/2D/Paper2D/Content/PlaceholderTextures/DummySpriteTexture.uexp" 55
"../../../Engine/Plugins/2D/Paper2D/Content/DefaultSpriteMaterial.uasset" 56
"../../../Engine/Plugins/2D/Paper2D/Content/DefaultSpriteMaterial.uexp" 57
"../../../Engine/Plugins/2D/Paper2D/Content/OpaqueUnlitSpriteMaterial.uasset" 58
"../../../Engine/Plugins/2D/Paper2D/Content/OpaqueUnlitSpriteMaterial.uexp" 59
"../../../Engine/Plugins/2D/Paper2D/Content/MaskedUnlitSpriteMaterial.uasset" 60
"../../../Engine/Plugins/2D/Paper2D/Content/MaskedUnlitSpriteMaterial.uexp" 61
"../../../Engine/Plugins/2D/Paper2D/Content/DummySprite.uasset" 62
"../../../Engine/Plugins/2D/Paper2D/Content/DummySprite.uexp" 63
"../../../Engine/Plugins/2D/Paper2D/Content/DefaultPaperTerrainMaterial.uasset" 64
"../../../Engine/Plugins/2D/Paper2D/Content/DefaultPaperTerrainMaterial.uexp" 65
"../../../Engine/Plugins/Runtime/MeshModelingToolset/Content/Materials/M_DynamicMeshComponentVtxColor.uasset" 66
"../../../Engine/Plugins/Runtime/MeshModelingToolset/Content/Materials/M_DynamicMeshComponentVtxColor.uexp" 67
"../../../Engine/Plugins/Interchange/Runtime/Content/Pipelines/DefaultTexturePipeline.uasset" 68
"../../../Engine/Plugins/Interchange/Runtime/Content/Pipelines/DefaultTexturePipeline.uexp" 69
"../../../Engine/Plugins/Interchange/Runtime/Content/Pipelines/DefaultSceneLevelPipeline.uasset" 70
"../../../Engine/Plugins/Interchange/Runtime/Content/Pipelines/DefaultSceneLevelPipeline.uexp" 71
"../../../Engine/Plugins/Interchange/Runtime/Content/Pipelines/DefaultSceneAssetsPipeline.uasset" 72
"../../../Engine/Plugins/Interchange/Runtime/Content/Pipelines/DefaultSceneAssetsPipeline.uexp" 73
"../../../Engine/Plugins/Interchange/Runtime/Content/Pipelines/DefaultMaterialXPipeline.uasset" 74
"../../../Engine/Plugins/Interchange/Runtime/Content/Pipelines/DefaultMaterialXPipeline.uexp" 75
"../../../Engine/Plugins/Interchange/Runtime/Content/Pipelines/DefaultMaterialPipeline.uasset" 76
"../../../Engine/Plugins/Interchange/Runtime/Content/Pipelines/DefaultMaterialPipeline.uexp" 77
"../../../Engine/Plugins/Interchange/Runtime/Content/Pipelines/DefaultGLTFSceneAssetsPipeline.uasset" 78
"../../../Engine/Plugins/Interchange/Runtime/Content/Pipelines/DefaultGLTFSceneAssetsPipeline.uexp" 79
"../../../Engine/Plugins/Interchange/Runtime/Content/Pipelines/DefaultGLTFPipeline.uasset" 80
"../../../Engine/Plugins/Interchange/Runtime/Content/Pipelines/DefaultGLTFPipeline.uexp" 81
"../../../Engine/Plugins/Interchange/Runtime/Content/Pipelines/DefaultGLTFAssetsPipeline.uasset" 82
"../../../Engine/Plugins/Interchange/Runtime/Content/Pipelines/DefaultGLTFAssetsPipeline.uexp" 83
"../../../Engine/Plugins/Interchange/Runtime/Content/Pipelines/DefaultAssetsPipeline.uasset" 84
"../../../Engine/Plugins/Interchange/Runtime/Content/Pipelines/DefaultAssetsPipeline.uexp" 85
"../../../Engine/Plugins/Interchange/Runtime/Content/Functions/MX_UsdPreviewSurface.uasset" 86
"../../../Engine/Plugins/Interchange/Runtime/Content/Functions/MX_UsdPreviewSurface.uexp" 87
"../../../Engine/Plugins/Interchange/Runtime/Content/Functions/MX_UniformEDF.uasset" 88
"../../../Engine/Plugins/Interchange/Runtime/Content/Functions/MX_UniformEDF.uexp" 89
"../../../Engine/Plugins/Interchange/Runtime/Content/Functions/MX_TranslucentBSDF.uasset" 90
"../../../Engine/Plugins/Interchange/Runtime/Content/Functions/MX_TranslucentBSDF.uexp" 91
"../../../Engine/Plugins/Interchange/Runtime/Content/Functions/MX_ThinFilmBSDF.uasset" 92
"../../../Engine/Plugins/Interchange/Runtime/Content/Functions/MX_ThinFilmBSDF.uexp" 93
"../../../Engine/Plugins/Interchange/Runtime/Content/Functions/MX_SurfaceUnlit.uasset" 94
"../../../Engine/Plugins/Interchange/Runtime/Content/Functions/MX_SurfaceUnlit.uexp" 95
"../../../Engine/Plugins/Interchange/Runtime/Content/Functions/MX_Surface.uasset" 96
"../../../Engine/Plugins/Interchange/Runtime/Content/Functions/MX_Surface.uexp" 97
"../../../Engine/Plugins/Interchange/Runtime/Content/Functions/MX_SubsurfaceBSDF.uasset" 98
"../../../Engine/Plugins/Interchange/Runtime/Content/Functions/MX_SubsurfaceBSDF.uexp" 99
"../../../Engine/Plugins/Interchange/Runtime/Content/Functions/MX_SheenBSDF.uasset" 100
"../../../Engine/Plugins/Interchange/Runtime/Content/Functions/MX_SheenBSDF.uexp" 101
"../../../Engine/Plugins/Interchange/Runtime/Content/Functions/MX_OrenNayarBSDF.uasset" 102
"../../../Engine/Plugins/Interchange/Runtime/Content/Functions/MX_OrenNayarBSDF.uexp" 103
"../../../Engine/Content/Functions/Engine_MaterialFunctions02/Utility/CameraDirectionVector.uasset" 104
"../../../Engine/Content/Functions/Engine_MaterialFunctions02/Utility/CameraDirectionVector.uexp" 105
"../../../Engine/Content/Functions/Engine_MaterialFunctions01/Volumetrics/BeersLaw.uasset" 106
"../../../Engine/Content/Functions/Engine_MaterialFunctions01/Volumetrics/BeersLaw.uexp" 107
"../../../Engine/Content/EngineMaterials/Good64x64TilingNoiseHighFreq.uasset" 108
"../../../Engine/Content/EngineMaterials/Good64x64TilingNoiseHighFreq.uexp" 109
"../../../Engine/Content/Functions/Engine_MaterialFunctions02/Texturing/ScreenAlignedPixelToPixelUVs.uasset" 110
"../../../Engine/Content/Functions/Engine_MaterialFunctions02/Texturing/ScreenAlignedPixelToPixelUVs.uexp" 111
"../../../Engine/Plugins/Interchange/Runtime/Content/gltf/MaterialFunctions/MF_Temporal_Blur.uasset" 112
"../../../Engine/Plugins/Interchange/Runtime/Content/gltf/MaterialFunctions/MF_Temporal_Blur.uexp" 113
"../../../Engine/Plugins/Interchange/Runtime/Content/gltf/MaterialFunctions/MF_Fresnel_DS.uasset" 114
"../../../Engine/Plugins/Interchange/Runtime/Content/gltf/MaterialFunctions/MF_Fresnel_DS.uexp" 115
"../../../Engine/Content/Functions/Engine_MaterialFunctions02/Utility/BreakOutFloat3Components.uasset" 116
"../../../Engine/Content/Functions/Engine_MaterialFunctions02/Utility/BreakOutFloat3Components.uexp" 117
"../../../Engine/Plugins/Interchange/Runtime/Content/Functions/MX_Transmission.uasset" 118
"../../../Engine/Plugins/Interchange/Runtime/Content/Functions/MX_Transmission.uexp" 119
"../../../Engine/Plugins/Interchange/Runtime/Content/Functions/MF_OrenNayerView.uasset" 120
"../../../Engine/Plugins/Interchange/Runtime/Content/Functions/MF_OrenNayerView.uexp" 121
"../../../Engine/Plugins/Interchange/Runtime/Content/Functions/MF_SchlickApprox.uasset" 122
"../../../Engine/Plugins/Interchange/Runtime/Content/Functions/MF_SchlickApprox.uexp" 123
"../../../Engine/Plugins/Interchange/Runtime/Content/Utilities/New_LUT.uasset" 124
"../../../Engine/Plugins/Interchange/Runtime/Content/Utilities/New_LUT.uexp" 125
"../../../Engine/Content/Functions/Engine_MaterialFunctions03/Math/RemapValueRange.uasset" 126
"../../../Engine/Content/Functions/Engine_MaterialFunctions03/Math/RemapValueRange.uexp" 127
"../../../Engine/Plugins/Interchange/Runtime/Content/Functions/MF_Iridescence.uasset" 128
"../../../Engine/Plugins/Interchange/Runtime/Content/Functions/MF_Iridescence.uexp" 129
"../../../Engine/Plugins/Interchange/Runtime/Content/Functions/MX_StandardSurface.uasset" 130
"../../../Engine/Plugins/Interchange/Runtime/Content/Functions/MX_StandardSurface.uexp" 131
"../../../Engine/Plugins/Interchange/Runtime/Content/Functions/MX_TransmissionSurface.uasset" 132
"../../../Engine/Plugins/Interchange/Runtime/Content/Functions/MX_TransmissionSurface.uexp" 133
"../../../Engine/Plugins/Interchange/Runtime/Content/Functions/MX_OpenPBR_Translucent.uasset" 134
"../../../Engine/Plugins/Interchange/Runtime/Content/Functions/MX_OpenPBR_Translucent.uexp" 135
"../../../Engine/Plugins/Interchange/Runtime/Content/Functions/MX_OpenPBR_Opaque.uasset" 136
"../../../Engine/Plugins/Interchange/Runtime/Content/Functions/MX_OpenPBR_Opaque.uexp" 137
"../../../Engine/Plugins/Interchange/Runtime/Content/Functions/MX_MeasuredEDF.uasset" 138
"../../../Engine/Plugins/Interchange/Runtime/Content/Functions/MX_MeasuredEDF.uexp" 139
"../../../Engine/Plugins/Interchange/Runtime/Content/Functions/MX_GeneralizedSchlickBSDF.uasset" 140
"../../../Engine/Plugins/Interchange/Runtime/Content/Functions/MX_GeneralizedSchlickBSDF.uexp" 141
"../../../Engine/Plugins/Interchange/Runtime/Content/Functions/MX_DielectricBSDF.uasset" 142
"../../../Engine/Plugins/Interchange/Runtime/Content/Functions/MX_DielectricBSDF.uexp" 143
"../../../Engine/Plugins/Interchange/Runtime/Content/Functions/MX_ConicalEDF.uasset" 144
"../../../Engine/Plugins/Interchange/Runtime/Content/Functions/MX_ConicalEDF.uexp" 145
"../../../Engine/Plugins/Interchange/Runtime/Content/Functions/MX_ConductorBSDF.uasset" 146
"../../../Engine/Plugins/Interchange/Runtime/Content/Functions/MX_ConductorBSDF.uexp" 147
"../../../Engine/Plugins/Interchange/Runtime/Content/Functions/MX_BurleyDiffuseBSDF.uasset" 148
"../../../Engine/Plugins/Interchange/Runtime/Content/Functions/MX_BurleyDiffuseBSDF.uexp" 149
"../../../Engine/Plugins/Interchange/Runtime/Content/Functions/MX_AnisotropicVDF.uasset" 150
"../../../Engine/Plugins/Interchange/Runtime/Content/Functions/MX_AnisotropicVDF.uexp" 151
"../../../Engine/Plugins/Interchange/Runtime/Content/Functions/MX_AbsorptionVDF.uasset" 152
"../../../Engine/Plugins/Interchange/Runtime/Content/Functions/MX_AbsorptionVDF.uexp" 153
"../../../Engine/Plugins/Editor/SpeedTreeImporter/Content/SpeedTree9/game_wind_noise.ubulk" 154
"../../../Engine/Plugins/Editor/SpeedTreeImporter/Content/SpeedTree9/game_wind_noise.uasset" 155
"../../../Engine/Plugins/Editor/SpeedTreeImporter/Content/SpeedTree9/game_wind_noise.uexp" 156
"../../../Engine/Plugins/Editor/SpeedTreeImporter/Content/SpeedTree9/UnpackDirection.uasset" 157
"../../../Engine/Plugins/Editor/SpeedTreeImporter/Content/SpeedTree9/UnpackDirection.uexp" 158
"../../../Engine/Content/Functions/Engine_MaterialFunctions02/ObjectLocalBounds.uasset" 159
"../../../Engine/Content/Functions/Engine_MaterialFunctions02/ObjectLocalBounds.uexp" 160
"../../../Engine/Content/Functions/Engine_MaterialFunctions02/UVs/BoundingBoxBased_0-1_UVW.uasset" 161
"../../../Engine/Content/Functions/Engine_MaterialFunctions02/UVs/BoundingBoxBased_0-1_UVW.uexp" 162
"../../../Engine/Content/Functions/Engine_MaterialFunctions02/Utility/VectorLength.uasset" 163
"../../../Engine/Content/Functions/Engine_MaterialFunctions02/Utility/VectorLength.uexp" 164
"../../../Engine/Plugins/Editor/SpeedTreeImporter/Content/SpeedTree9/UnpackInteger3.uasset" 165
"../../../Engine/Plugins/Editor/SpeedTreeImporter/Content/SpeedTree9/UnpackInteger3.uexp" 166
"../../../Engine/Plugins/Editor/SpeedTreeImporter/Content/SpeedTree9/SpeedTreeCameraFacing.uasset" 167
"../../../Engine/Plugins/Editor/SpeedTreeImporter/Content/SpeedTree9/SpeedTreeCameraFacing.uexp" 168
"../../../Engine/Content/Functions/Engine_MaterialFunctions02/WorldPositionOffset/ObjectScale.uasset" 169
"../../../Engine/Content/Functions/Engine_MaterialFunctions02/WorldPositionOffset/ObjectScale.uexp" 170
"../../../Engine/Content/Functions/Engine_MaterialFunctions02/SafeNormalize.uasset" 171
"../../../Engine/Content/Functions/Engine_MaterialFunctions02/SafeNormalize.uexp" 172
"../../../Engine/Plugins/Editor/SpeedTreeImporter/Content/SpeedTree9/SpeedTreeWindMotion.uasset" 173
"../../../Engine/Plugins/Editor/SpeedTreeImporter/Content/SpeedTree9/SpeedTreeWindMotion.uexp" 174
"../../../Engine/Plugins/Editor/SpeedTreeImporter/Content/SpeedTree9/SpeedTreeBranchMotion.uasset" 175
"../../../Engine/Plugins/Editor/SpeedTreeImporter/Content/SpeedTree9/SpeedTreeBranchMotion.uexp" 176
"../../../Engine/Plugins/Editor/SpeedTreeImporter/Content/SpeedTree9/SpeedTreeWind.uasset" 177
"../../../Engine/Plugins/Editor/SpeedTreeImporter/Content/SpeedTree9/SpeedTreeWind.uexp" 178
"../../../Engine/Plugins/Editor/SpeedTreeImporter/Content/SpeedTree9/EmptyNormal.uasset" 179
"../../../Engine/Plugins/Editor/SpeedTreeImporter/Content/SpeedTree9/EmptyNormal.uexp" 180
"../../../Engine/Plugins/Editor/SpeedTreeImporter/Content/SpeedTree9/Empty.uasset" 181
"../../../Engine/Plugins/Editor/SpeedTreeImporter/Content/SpeedTree9/Empty.uexp" 182
"../../../Engine/Plugins/Editor/SpeedTreeImporter/Content/SpeedTree9/SpeedTreeMaster.uasset" 183
"../../../Engine/Plugins/Editor/SpeedTreeImporter/Content/SpeedTree9/SpeedTreeMaster.uexp" 184
"../../../Engine/Plugins/Editor/SpeedTreeImporter/Content/SpeedTree9/SpeedTreeBillboard.uasset" 185
"../../../Engine/Plugins/Editor/SpeedTreeImporter/Content/SpeedTree9/SpeedTreeBillboard.uexp" 186
"../../../Engine/Plugins/Editor/SpeedTreeImporter/Content/SpeedTree9/SpeedTreeBillboardMaster.uasset" 187
"../../../Engine/Plugins/Editor/SpeedTreeImporter/Content/SpeedTree9/SpeedTreeBillboardMaster.uexp" 188
"../../../Engine/Plugins/Animation/ControlRig/Content/Controls/DefaultGizmoLibraryNormalized.uasset" 189
"../../../Engine/Plugins/Animation/ControlRig/Content/Controls/DefaultGizmoLibraryNormalized.uexp" 190
"../../../Engine/Plugins/Animation/ControlRig/Content/Controls/ControlRig_Wedge_solid.ubulk" 191
"../../../Engine/Plugins/Animation/ControlRig/Content/Controls/ControlRig_Wedge_solid.uasset" 192
"../../../Engine/Plugins/Animation/ControlRig/Content/Controls/ControlRig_Wedge_solid.uexp" 193
"../../../Engine/Plugins/Animation/ControlRig/Content/Controls/ControlRig_Wedge_3mm.ubulk" 194
"../../../Engine/Plugins/Animation/ControlRig/Content/Controls/ControlRig_Wedge_3mm.uasset" 195
"../../../Engine/Plugins/Animation/ControlRig/Content/Controls/ControlRig_Wedge_3mm.uexp" 196
"../../../Engine/Plugins/Animation/ControlRig/Content/Controls/ControlRig_Wedge_1mm.ubulk" 197
"../../../Engine/Plugins/Animation/ControlRig/Content/Controls/ControlRig_Wedge_1mm.uasset" 198
"../../../Engine/Plugins/Animation/ControlRig/Content/Controls/ControlRig_Wedge_1mm.uexp" 199
"../../../Engine/Plugins/Animation/ControlRig/Content/Controls/ControlRig_Triangle_solid.ubulk" 200
"../../../Engine/Plugins/Animation/ControlRig/Content/Controls/ControlRig_Triangle_solid.uasset" 201
"../../../Engine/Plugins/Animation/ControlRig/Content/Controls/ControlRig_Triangle_solid.uexp" 202
"../../../Engine/Plugins/Animation/ControlRig/Content/Controls/ControlRig_Triangle_3mm.ubulk" 203
"../../../Engine/Plugins/Animation/ControlRig/Content/Controls/ControlRig_Triangle_3mm.uasset" 204
"../../../Engine/Plugins/Animation/ControlRig/Content/Controls/ControlRig_Triangle_3mm.uexp" 205
"../../../Engine/Plugins/Animation/ControlRig/Content/Controls/ControlRig_Triangle_1mm.ubulk" 206
"../../../Engine/Plugins/Animation/ControlRig/Content/Controls/ControlRig_Triangle_1mm.uasset" 207
"../../../Engine/Plugins/Animation/ControlRig/Content/Controls/ControlRig_Triangle_1mm.uexp" 208
"../../../Engine/Plugins/Animation/ControlRig/Content/Controls/ControlRig_Star4_solid.ubulk" 209
"../../../Engine/Plugins/Animation/ControlRig/Content/Controls/ControlRig_Star4_solid.uasset" 210
"../../../Engine/Plugins/Animation/ControlRig/Content/Controls/ControlRig_Star4_solid.uexp" 211
"../../../Engine/Plugins/Animation/ControlRig/Content/Controls/ControlRig_Star4_3mm.ubulk" 212
"../../../Engine/Plugins/Animation/ControlRig/Content/Controls/ControlRig_Star4_3mm.uasset" 213
"../../../Engine/Plugins/Animation/ControlRig/Content/Controls/ControlRig_Star4_3mm.uexp" 214
"../../../Engine/Plugins/Animation/ControlRig/Content/Controls/ControlRig_Star4_1mm.ubulk" 215
"../../../Engine/Plugins/Animation/ControlRig/Content/Controls/ControlRig_Star4_1mm.uasset" 216
"../../../Engine/Plugins/Animation/ControlRig/Content/Controls/ControlRig_Star4_1mm.uexp" 217
"../../../Engine/Plugins/Animation/ControlRig/Content/Controls/ControlRig_Square_solid.ubulk" 218
"../../../Engine/Plugins/Animation/ControlRig/Content/Controls/ControlRig_Square_solid.uasset" 219
"../../../Engine/Plugins/Animation/ControlRig/Content/Controls/ControlRig_Square_solid.uexp" 220
"../../../Engine/Plugins/Animation/ControlRig/Content/Controls/ControlRig_Square_3mm.ubulk" 221
"../../../Engine/Plugins/Animation/ControlRig/Content/Controls/ControlRig_Square_3mm.uasset" 222
"../../../Engine/Plugins/Animation/ControlRig/Content/Controls/ControlRig_Square_3mm.uexp" 223
"../../../Engine/Plugins/Animation/ControlRig/Content/Controls/ControlRig_Square_1mm.ubulk" 224
"../../../Engine/Plugins/Animation/ControlRig/Content/Controls/ControlRig_Square_1mm.uasset" 225
"../../../Engine/Plugins/Animation/ControlRig/Content/Controls/ControlRig_Square_1mm.uexp" 226
"../../../Engine/Plugins/Animation/ControlRig/Content/Controls/ControlRig_Sphere_solid.ubulk" 227
"../../../Engine/Plugins/Animation/ControlRig/Content/Controls/ControlRig_Sphere_solid.uasset" 228
"../../../Engine/Plugins/Animation/ControlRig/Content/Controls/ControlRig_Sphere_solid.uexp" 229
"../../../Engine/Plugins/Animation/ControlRig/Content/Controls/ControlRig_Sphere_3mm.ubulk" 230
"../../../Engine/Plugins/Animation/ControlRig/Content/Controls/ControlRig_Sphere_3mm.uasset" 231
"../../../Engine/Plugins/Animation/ControlRig/Content/Controls/ControlRig_Sphere_3mm.uexp" 232
"../../../Engine/Plugins/Animation/ControlRig/Content/Controls/ControlRig_Sphere_1mm.ubulk" 233
"../../../Engine/Plugins/Animation/ControlRig/Content/Controls/ControlRig_Sphere_1mm.uasset" 234
"../../../Engine/Plugins/Animation/ControlRig/Content/Controls/ControlRig_Sphere_1mm.uexp" 235
"../../../Engine/Plugins/Animation/ControlRig/Content/Controls/ControlRig_RoundedTriangle_solid.ubulk" 236
"../../../Engine/Plugins/Animation/ControlRig/Content/Controls/ControlRig_RoundedTriangle_solid.uasset" 237
"../../../Engine/Plugins/Animation/ControlRig/Content/Controls/ControlRig_RoundedTriangle_solid.uexp" 238
"../../../Engine/Plugins/Animation/ControlRig/Content/Controls/ControlRig_RoundedTriangle_3mm.ubulk" 239
"../../../Engine/Plugins/Animation/ControlRig/Content/Controls/ControlRig_RoundedTriangle_3mm.uasset" 240
"../../../Engine/Plugins/Animation/ControlRig/Content/Controls/ControlRig_RoundedTriangle_3mm.uexp" 241
"../../../Engine/Plugins/Animation/ControlRig/Content/Controls/ControlRig_RoundedTriangle_1mm.ubulk" 242
"../../../Engine/Plugins/Animation/ControlRig/Content/Controls/ControlRig_RoundedTriangle_1mm.uasset" 243
"../../../Engine/Plugins/Animation/ControlRig/Content/Controls/ControlRig_RoundedTriangle_1mm.uexp" 244
"../../../Engine/Plugins/Animation/ControlRig/Content/Controls/ControlRig_RoundedSquare_solid.ubulk" 245
"../../../Engine/Plugins/Animation/ControlRig/Content/Controls/ControlRig_RoundedSquare_solid.uasset" 246
"../../../Engine/Plugins/Animation/ControlRig/Content/Controls/ControlRig_RoundedSquare_solid.uexp" 247
"../../../Engine/Plugins/Animation/ControlRig/Content/Controls/ControlRig_RoundedSquare_3mm.ubulk" 248
"../../../Engine/Plugins/Animation/ControlRig/Content/Controls/ControlRig_RoundedSquare_3mm.uasset" 249
"../../../Engine/Plugins/Animation/ControlRig/Content/Controls/ControlRig_RoundedSquare_3mm.uexp" 250
"../../../Engine/Plugins/Animation/ControlRig/Content/Controls/ControlRig_RoundedSquare_1mm.ubulk" 251
"../../../Engine/Plugins/Animation/ControlRig/Content/Controls/ControlRig_RoundedSquare_1mm.uasset" 252
"../../../Engine/Plugins/Animation/ControlRig/Content/Controls/ControlRig_RoundedSquare_1mm.uexp" 253
"../../../Engine/Plugins/Animation/ControlRig/Content/Controls/ControlRig_QuarterCircle_solid.ubulk" 254
"../../../Engine/Plugins/Animation/ControlRig/Content/Controls/ControlRig_QuarterCircle_solid.uasset" 255
"../../../Engine/Plugins/Animation/ControlRig/Content/Controls/ControlRig_QuarterCircle_solid.uexp" 256
"../../../Engine/Plugins/Animation/ControlRig/Content/Controls/ControlRig_QuarterCircle_3mm.ubulk" 257
"../../../Engine/Plugins/Animation/ControlRig/Content/Controls/ControlRig_QuarterCircle_3mm.uasset" 258
"../../../Engine/Plugins/Animation/ControlRig/Content/Controls/ControlRig_QuarterCircle_3mm.uexp" 259
"../../../Engine/Plugins/Animation/ControlRig/Content/Controls/ControlRig_QuarterCircle_1mm.ubulk" 260
"../../../Engine/Plugins/Animation/ControlRig/Content/Controls/ControlRig_QuarterCircle_1mm.uasset" 261
"../../../Engine/Plugins/Animation/ControlRig/Content/Controls/ControlRig_QuarterCircle_1mm.uexp" 262
"../../../Engine/Plugins/Animation/ControlRig/Content/Controls/ControlRig_Pyramid_solid.ubulk" 263
"../../../Engine/Plugins/Animation/ControlRig/Content/Controls/ControlRig_Pyramid_solid.uasset" 264
"../../../Engine/Plugins/Animation/ControlRig/Content/Controls/ControlRig_Pyramid_solid.uexp" 265
"../../../Engine/Plugins/Animation/ControlRig/Content/Controls/ControlRig_Pyramid_3mm.ubulk" 266
"../../../Engine/Plugins/Animation/ControlRig/Content/Controls/ControlRig_Pyramid_3mm.uasset" 267
"../../../Engine/Plugins/Animation/ControlRig/Content/Controls/ControlRig_Pyramid_3mm.uexp" 268
"../../../Engine/Plugins/Animation/ControlRig/Content/Controls/ControlRig_Pyramid_1mm.ubulk" 269
"../../../Engine/Plugins/Animation/ControlRig/Content/Controls/ControlRig_Pyramid_1mm.uasset" 270
"../../../Engine/Plugins/Animation/ControlRig/Content/Controls/ControlRig_Pyramid_1mm.uexp" 271
"../../../Engine/Plugins/Animation/ControlRig/Content/Controls/ControlRig_Octagon_solid.ubulk" 272
"../../../Engine/Plugins/Animation/ControlRig/Content/Controls/ControlRig_Octagon_solid.uasset" 273
"../../../Engine/Plugins/Animation/ControlRig/Content/Controls/ControlRig_Octagon_solid.uexp" 274
"../../../Engine/Plugins/Animation/ControlRig/Content/Controls/ControlRig_Octagon_3mm.ubulk" 275
"../../../Engine/Plugins/Animation/ControlRig/Content/Controls/ControlRig_Octagon_3mm.uasset" 276
"../../../Engine/Plugins/Animation/ControlRig/Content/Controls/ControlRig_Octagon_3mm.uexp" 277
"../../../Engine/Plugins/Animation/ControlRig/Content/Controls/ControlRig_Octagon_1mm.ubulk" 278
"../../../Engine/Plugins/Animation/ControlRig/Content/Controls/ControlRig_Octagon_1mm.uasset" 279
"../../../Engine/Plugins/Animation/ControlRig/Content/Controls/ControlRig_Octagon_1mm.uexp" 280
"../../../Engine/Plugins/Animation/ControlRig/Content/Controls/ControlRig_Hexagon_solid.ubulk" 281
"../../../Engine/Plugins/Animation/ControlRig/Content/Controls/ControlRig_Hexagon_solid.uasset" 282
"../../../Engine/Plugins/Animation/ControlRig/Content/Controls/ControlRig_Hexagon_solid.uexp" 283
"../../../Engine/Plugins/Animation/ControlRig/Content/Controls/ControlRig_Hexagon_3mm.ubulk" 284
"../../../Engine/Plugins/Animation/ControlRig/Content/Controls/ControlRig_Hexagon_3mm.uasset" 285
"../../../Engine/Plugins/Animation/ControlRig/Content/Controls/ControlRig_Hexagon_3mm.uexp" 286
"../../../Engine/Plugins/Animation/ControlRig/Content/Controls/ControlRig_Hexagon_1mm.ubulk" 287
"../../../Engine/Plugins/Animation/ControlRig/Content/Controls/ControlRig_Hexagon_1mm.uasset" 288
"../../../Engine/Plugins/Animation/ControlRig/Content/Controls/ControlRig_Hexagon_1mm.uexp" 289
"../../../Engine/Plugins/Animation/ControlRig/Content/Controls/ControlRig_HalfCircle_solid.ubulk" 290
"../../../Engine/Plugins/Animation/ControlRig/Content/Controls/ControlRig_HalfCircle_solid.uasset" 291
"../../../Engine/Plugins/Animation/ControlRig/Content/Controls/ControlRig_HalfCircle_solid.uexp" 292
"../../../Engine/Plugins/Animation/ControlRig/Content/Controls/ControlRig_HalfCircle_3mm.ubulk" 293
"../../../Engine/Plugins/Animation/ControlRig/Content/Controls/ControlRig_HalfCircle_3mm.uasset" 294
"../../../Engine/Plugins/Animation/ControlRig/Content/Controls/ControlRig_HalfCircle_3mm.uexp" 295
"../../../Engine/Plugins/Animation/ControlRig/Content/Controls/ControlRig_HalfCircle_1mm.ubulk" 296
"../../../Engine/Plugins/Animation/ControlRig/Content/Controls/ControlRig_HalfCircle_1mm.uasset" 297
"../../../Engine/Plugins/Animation/ControlRig/Content/Controls/ControlRig_HalfCircle_1mm.uexp" 298
"../../../Engine/Plugins/Animation/ControlRig/Content/Controls/ControlRig_Diamond_solid.ubulk" 299
"../../../Engine/Plugins/Animation/ControlRig/Content/Controls/ControlRig_Diamond_solid.uasset" 300
"../../../Engine/Plugins/Animation/ControlRig/Content/Controls/ControlRig_Diamond_solid.uexp" 301
"../../../Engine/Plugins/Animation/ControlRig/Content/Controls/ControlRig_Diamond_3mm.ubulk" 302
"../../../Engine/Plugins/Animation/ControlRig/Content/Controls/ControlRig_Diamond_3mm.uasset" 303
"../../../Engine/Plugins/Animation/ControlRig/Content/Controls/ControlRig_Diamond_3mm.uexp" 304
"../../../Engine/Plugins/Animation/ControlRig/Content/Controls/ControlRig_Diamond_1mm.ubulk" 305
"../../../Engine/Plugins/Animation/ControlRig/Content/Controls/ControlRig_Diamond_1mm.uasset" 306
"../../../Engine/Plugins/Animation/ControlRig/Content/Controls/ControlRig_Diamond_1mm.uexp" 307
"../../../Engine/Plugins/Animation/ControlRig/Content/Controls/ControlRig_Circle_solid.ubulk" 308
"../../../Engine/Plugins/Animation/ControlRig/Content/Controls/ControlRig_Circle_solid.uasset" 309
"../../../Engine/Plugins/Animation/ControlRig/Content/Controls/ControlRig_Circle_solid.uexp" 310
"../../../Engine/Plugins/Animation/ControlRig/Content/Controls/ControlRig_Circle_3mm.ubulk" 311
"../../../Engine/Plugins/Animation/ControlRig/Content/Controls/ControlRig_Circle_3mm.uasset" 312
"../../../Engine/Plugins/Animation/ControlRig/Content/Controls/ControlRig_Circle_3mm.uexp" 313
"../../../Engine/Plugins/Animation/ControlRig/Content/Controls/ControlRig_Circle_1mm.ubulk" 314
"../../../Engine/Plugins/Animation/ControlRig/Content/Controls/ControlRig_Circle_1mm.uasset" 315
"../../../Engine/Plugins/Animation/ControlRig/Content/Controls/ControlRig_Circle_1mm.uexp" 316
"../../../Engine/Plugins/Animation/ControlRig/Content/Controls/ControlRig_Box_solid.ubulk" 317
"../../../Engine/Plugins/Animation/ControlRig/Content/Controls/ControlRig_Box_solid.uasset" 318
"../../../Engine/Plugins/Animation/ControlRig/Content/Controls/ControlRig_Box_solid.uexp" 319
"../../../Engine/Plugins/Animation/ControlRig/Content/Controls/ControlRig_Box_3mm.ubulk" 320
"../../../Engine/Plugins/Animation/ControlRig/Content/Controls/ControlRig_Box_3mm.uasset" 321
"../../../Engine/Plugins/Animation/ControlRig/Content/Controls/ControlRig_Box_3mm.uexp" 322
"../../../Engine/Plugins/Animation/ControlRig/Content/Controls/ControlRig_Box_1mm.ubulk" 323
"../../../Engine/Plugins/Animation/ControlRig/Content/Controls/ControlRig_Box_1mm.uasset" 324
"../../../Engine/Plugins/Animation/ControlRig/Content/Controls/ControlRig_Box_1mm.uexp" 325
"../../../Engine/Plugins/Animation/ControlRig/Content/Controls/ControlRig_Arrow_solid.ubulk" 326
"../../../Engine/Plugins/Animation/ControlRig/Content/Controls/ControlRig_Arrow_solid.uasset" 327
"../../../Engine/Plugins/Animation/ControlRig/Content/Controls/ControlRig_Arrow_solid.uexp" 328
"../../../Engine/Plugins/Animation/ControlRig/Content/Controls/ControlRig_Arrow_3mm.ubulk" 329
"../../../Engine/Plugins/Animation/ControlRig/Content/Controls/ControlRig_Arrow_3mm.uasset" 330
"../../../Engine/Plugins/Animation/ControlRig/Content/Controls/ControlRig_Arrow_3mm.uexp" 331
"../../../Engine/Plugins/Animation/ControlRig/Content/Controls/ControlRig_Arrow_1mm.ubulk" 332
"../../../Engine/Plugins/Animation/ControlRig/Content/Controls/ControlRig_Arrow_1mm.uasset" 333
"../../../Engine/Plugins/Animation/ControlRig/Content/Controls/ControlRig_Arrow_1mm.uexp" 334
"../../../Engine/Plugins/Animation/ControlRig/Content/Controls/ControlRig_Arrow4_solid.ubulk" 335
"../../../Engine/Plugins/Animation/ControlRig/Content/Controls/ControlRig_Arrow4_solid.uasset" 336
"../../../Engine/Plugins/Animation/ControlRig/Content/Controls/ControlRig_Arrow4_solid.uexp" 337
"../../../Engine/Plugins/Animation/ControlRig/Content/Controls/ControlRig_Arrow4_3mm.ubulk" 338
"../../../Engine/Plugins/Animation/ControlRig/Content/Controls/ControlRig_Arrow4_3mm.uasset" 339
"../../../Engine/Plugins/Animation/ControlRig/Content/Controls/ControlRig_Arrow4_3mm.uexp" 340
"../../../Engine/Plugins/Animation/ControlRig/Content/Controls/ControlRig_Arrow4_1mm.ubulk" 341
"../../../Engine/Plugins/Animation/ControlRig/Content/Controls/ControlRig_Arrow4_1mm.uasset" 342
"../../../Engine/Plugins/Animation/ControlRig/Content/Controls/ControlRig_Arrow4_1mm.uexp" 343
"../../../Engine/Plugins/Animation/ControlRig/Content/Controls/ControlRig_Arrow2_solid.ubulk" 344
"../../../Engine/Plugins/Animation/ControlRig/Content/Controls/ControlRig_Arrow2_solid.uasset" 345
"../../../Engine/Plugins/Animation/ControlRig/Content/Controls/ControlRig_Arrow2_solid.uexp" 346
"../../../Engine/Plugins/Animation/ControlRig/Content/Controls/ControlRig_Arrow2_3mm.ubulk" 347
"../../../Engine/Plugins/Animation/ControlRig/Content/Controls/ControlRig_Arrow2_3mm.uasset" 348
"../../../Engine/Plugins/Animation/ControlRig/Content/Controls/ControlRig_Arrow2_3mm.uexp" 349
"../../../Engine/Plugins/Animation/ControlRig/Content/Controls/ControlRig_Arrow2_1mm.ubulk" 350
"../../../Engine/Plugins/Animation/ControlRig/Content/Controls/ControlRig_Arrow2_1mm.uasset" 351
"../../../Engine/Plugins/Animation/ControlRig/Content/Controls/ControlRig_Arrow2_1mm.uexp" 352
"../../../Engine/Plugins/Animation/ControlRig/Content/Controls/ControlRigXRayMaterial.uasset" 353
"../../../Engine/Plugins/Animation/ControlRig/Content/Controls/ControlRigXRayMaterial.uexp" 354
"../../../Engine/Plugins/Animation/ControlRig/Content/Controls/ControlRigGizmoMaterial.uasset" 355
"../../../Engine/Plugins/Animation/ControlRig/Content/Controls/ControlRigGizmoMaterial.uexp" 356
"../../../Engine/Content/Functions/Engine_MaterialFunctions02/Math/Transform3x3Matrix.uasset" 357
"../../../Engine/Content/Functions/Engine_MaterialFunctions02/Math/Transform3x3Matrix.uexp" 358
"../../../Engine/Content/Functions/Engine_MaterialFunctions02/SplitComponents.uasset" 359
"../../../Engine/Content/Functions/Engine_MaterialFunctions02/SplitComponents.uexp" 360
"../../../Engine/Content/Functions/Engine_MaterialFunctions02/Utility/MakeFloat3.uasset" 361
"../../../Engine/Content/Functions/Engine_MaterialFunctions02/Utility/MakeFloat3.uexp" 362
"../../../Engine/Content/EngineSounds/Master.uasset" 363
"../../../Engine/Content/EngineSounds/Master.uexp" 364
"../../../Engine/Content/EngineResources/WhiteSquareTexture.uasset" 365
"../../../Engine/Content/EngineResources/WhiteSquareTexture.uexp" 366
"../../../Engine/Content/EngineMaterials/Widget3DPassThrough.uasset" 367
"../../../Engine/Content/EngineMaterials/Widget3DPassThrough.uexp" 368
"../../../Engine/Content/EngineMaterials/Widget3DPassThrough_Translucent.uasset" 369
"../../../Engine/Content/EngineMaterials/Widget3DPassThrough_Translucent.uexp" 370
"../../../Engine/Content/EngineMaterials/Widget3DPassThrough_Translucent_OneSided.uasset" 371
"../../../Engine/Content/EngineMaterials/Widget3DPassThrough_Translucent_OneSided.uexp" 372
"../../../Engine/Content/EngineMaterials/Widget3DPassThrough_Opaque.uasset" 373
"../../../Engine/Content/EngineMaterials/Widget3DPassThrough_Opaque.uexp" 374
"../../../Engine/Content/EngineMaterials/Widget3DPassThrough_Opaque_OneSided.uasset" 375
"../../../Engine/Content/EngineMaterials/Widget3DPassThrough_Opaque_OneSided.uexp" 376
"../../../Engine/Content/EngineMaterials/Widget3DPassThrough_Masked_OneSided.uasset" 377
"../../../Engine/Content/EngineMaterials/Widget3DPassThrough_Masked_OneSided.uexp" 378
"../../../Engine/Content/EngineMaterials/Widget3DPassThrough_Masked.uasset" 379
"../../../Engine/Content/EngineMaterials/Widget3DPassThrough_Masked.uexp" 380
"../../../Engine/Content/EngineMaterials/STBlueNoise_vec2_128x128x64.uasset" 381
"../../../Engine/Content/EngineMaterials/STBlueNoise_vec2_128x128x64.uexp" 382
"../../../Engine/Content/EngineMaterials/STBlueNoise_scalar_128x128x64.uasset" 383
"../../../Engine/Content/EngineMaterials/STBlueNoise_scalar_128x128x64.uexp" 384
"../../../Engine/Content/EngineMaterials/RemoveSurfaceMaterial.uasset" 385
"../../../Engine/Content/EngineMaterials/RemoveSurfaceMaterial.uexp" 386
"../../../Engine/Content/EngineMaterials/DefaultCalibrationGrayscale.uasset" 387
"../../../Engine/Content/EngineMaterials/DefaultCalibrationGrayscale.uexp" 388
"../../../Engine/Content/EngineMaterials/PPM_DefaultCalibrationGrayscale.uasset" 389
"../../../Engine/Content/EngineMaterials/PPM_DefaultCalibrationGrayscale.uexp" 390
"../../../Engine/Content/EngineMaterials/DefaultCalibrationColor.uasset" 391
"../../../Engine/Content/EngineMaterials/DefaultCalibrationColor.uexp" 392
"../../../Engine/Content/EngineMaterials/PPM_DefaultCalibrationColor.uasset" 393
"../../../Engine/Content/EngineMaterials/PPM_DefaultCalibrationColor.uexp" 394
"../../../Engine/Content/EngineMaterials/PhAT_JointLimitMaterial.uasset" 395
"../../../Engine/Content/EngineMaterials/PhAT_JointLimitMaterial.uexp" 396
"../../../Engine/Content/EngineMaterials/NaniteHiddenSectionMaterial.uasset" 397
"../../../Engine/Content/EngineMaterials/NaniteHiddenSectionMaterial.uexp" 398
"../../../Engine/Content/EngineMaterials/InvalidLightmapSettings.ubulk" 399
"../../../Engine/Content/EngineMaterials/InvalidLightmapSettings.uasset" 400
"../../../Engine/Content/EngineMaterials/InvalidLightmapSettings.uexp" 401
"../../../Engine/Content/EngineMaterials/M_InvalidLightmapSettings.uasset" 402
"../../../Engine/Content/EngineMaterials/M_InvalidLightmapSettings.uexp" 403
"../../../Engine/Content/EngineMaterials/GizmoMaterial.uasset" 404
"../../../Engine/Content/EngineMaterials/GizmoMaterial.uexp" 405
"../../../Engine/Content/EngineMaterials/BaseFlattenEmissiveMap_VT.uasset" 406
"../../../Engine/Content/EngineMaterials/BaseFlattenEmissiveMap_VT.uexp" 407
"../../../Engine/Content/EngineMaterials/BaseFlattenGrayscaleMap_VT.uasset" 408
"../../../Engine/Content/EngineMaterials/BaseFlattenGrayscaleMap_VT.uexp" 409
"../../../Engine/Content/EngineMaterials/BaseFlattenLinearColor_VT.uasset" 410
"../../../Engine/Content/EngineMaterials/BaseFlattenLinearColor_VT.uexp" 411
"../../../Engine/Content/EngineMaterials/Black_1x1_EXR_Texture_VT.uasset" 412
"../../../Engine/Content/EngineMaterials/Black_1x1_EXR_Texture_VT.uexp" 413
"../../../Engine/Content/EngineMaterials/BaseFlattenDiffuseMap_VT.uasset" 414
"../../../Engine/Content/EngineMaterials/BaseFlattenDiffuseMap_VT.uexp" 415
"../../../Engine/Content/EngineMaterials/BaseFlattenNormalMap_VT.uasset" 416
"../../../Engine/Content/EngineMaterials/BaseFlattenNormalMap_VT.uexp" 417
"../../../Engine/Content/EngineMaterials/FlattenMaterial_WS_Normal_VT.uasset" 418
"../../../Engine/Content/EngineMaterials/FlattenMaterial_WS_Normal_VT.uexp" 419
"../../../Engine/Content/EngineMaterials/FlattenMaterial_VT.uasset" 420
"../../../Engine/Content/EngineMaterials/FlattenMaterial_VT.uexp" 421
"../../../Engine/Content/EngineMaterials/BaseFlattenNormalMap.uasset" 422
"../../../Engine/Content/EngineMaterials/BaseFlattenNormalMap.uexp" 423
"../../../Engine/Content/EngineMaterials/BaseFlattenGrayscaleMap.uasset" 424
"../../../Engine/Content/EngineMaterials/BaseFlattenGrayscaleMap.uexp" 425
"../../../Engine/Content/EngineMaterials/BaseFlattenDiffuseMap.uasset" 426
"../../../Engine/Content/EngineMaterials/BaseFlattenDiffuseMap.uexp" 427
"../../../Engine/Content/Functions/Engine_MaterialFunctions02/PivotPainter2/Black_1x1_EXR_Texture.uasset" 428
"../../../Engine/Content/Functions/Engine_MaterialFunctions02/PivotPainter2/Black_1x1_EXR_Texture.uexp" 429
"../../../Engine/Content/EngineMaterials/BaseFlattenEmissiveMap.uasset" 430
"../../../Engine/Content/EngineMaterials/BaseFlattenEmissiveMap.uexp" 431
"../../../Engine/Content/EngineMaterials/BaseFlattenLinearColor.uasset" 432
"../../../Engine/Content/EngineMaterials/BaseFlattenLinearColor.uexp" 433
"../../../Engine/Content/EngineMaterials/FlattenMaterial.uasset" 434
"../../../Engine/Content/EngineMaterials/FlattenMaterial.uexp" 435
"../../../Engine/Content/EngineMaterials/DefaultWhiteGrid_Low.uasset" 436
"../../../Engine/Content/EngineMaterials/DefaultWhiteGrid_Low.uexp" 437
"../../../Engine/Content/EngineMaterials/EmissiveMeshMaterial.uasset" 438
"../../../Engine/Content/EngineMaterials/EmissiveMeshMaterial.uexp" 439
"../../../Engine/Content/EngineFonts/RobotoDistanceField.uasset" 440
"../../../Engine/Content/EngineFonts/RobotoDistanceField.uexp" 441
"../../../Engine/Content/EngineMaterials/DefaultTextMaterialOpaque.uasset" 442
"../../../Engine/Content/EngineMaterials/DefaultTextMaterialOpaque.uexp" 443
"../../../Engine/Content/EngineMaterials/DefaultDiffuse.ubulk" 444
"../../../Engine/Content/EngineMaterials/DefaultDiffuse.uasset" 445
"../../../Engine/Content/EngineMaterials/DefaultDiffuse.uexp" 446
"../../../Engine/Content/Functions/Engine_MaterialFunctions02/Utility/BreakOutFloat2Components.uasset" 447
"../../../Engine/Content/Functions/Engine_MaterialFunctions02/Utility/BreakOutFloat2Components.uexp" 448
"../../../Engine/Content/EngineMaterials/DefaultPostProcessMaterial.uasset" 449
"../../../Engine/Content/EngineMaterials/DefaultPostProcessMaterial.uexp" 450
"../../../Engine/Content/EngineMaterials/DefaultLightFunctionMaterial.uasset" 451
"../../../Engine/Content/EngineMaterials/DefaultLightFunctionMaterial.uexp" 452
"../../../Engine/Content/EngineMaterials/DefaultDestructiblePhysicalMaterial.uasset" 453
"../../../Engine/Content/EngineMaterials/DefaultDestructiblePhysicalMaterial.uexp" 454
"../../../Engine/Content/EngineMaterials/DefaultDeferredDecalMaterial.uasset" 455
"../../../Engine/Content/EngineMaterials/DefaultDeferredDecalMaterial.uexp" 456
"../../../Engine/Content/EngineMaterials/DefaultBloomKernel.uasset" 457
"../../../Engine/Content/EngineMaterials/DefaultBloomKernel.uexp" 458
"../../../Engine/Content/EngineFonts/Faces/RobotoLight.uexp" 459
"../../../Engine/Content/EngineFonts/Faces/RobotoLight.uasset" 460
"../../../Engine/Content/EngineFonts/Faces/RobotoLight.ufont" 461
"../../../Engine/Content/EngineFonts/Faces/RobotoBold.uexp" 462
"../../../Engine/Content/EngineFonts/Faces/RobotoBold.uasset" 463
"../../../Engine/Content/EngineFonts/Faces/RobotoBold.ufont" 464
"../../../Engine/Content/EngineFonts/Faces/RobotoRegular.uexp" 465
"../../../Engine/Content/EngineFonts/Faces/RobotoRegular.uasset" 466
"../../../Engine/Content/EngineFonts/Faces/RobotoRegular.ufont" 467
"../../../Engine/Content/EngineFonts/Faces/DroidSansFallback.uexp" 468
"../../../Engine/Content/EngineFonts/Faces/DroidSansFallback.uasset" 469
"../../../Engine/Content/EngineFonts/Faces/DroidSansFallback.ufont" 470
"../../../Engine/Content/EngineFonts/Faces/RobotoItalic.uexp" 471
"../../../Engine/Content/EngineFonts/Faces/RobotoItalic.uasset" 472
"../../../Engine/Content/EngineFonts/Faces/RobotoItalic.ufont" 473
"../../../Engine/Content/EngineFonts/Faces/RobotoBoldItalic.uexp" 474
"../../../Engine/Content/EngineFonts/Faces/RobotoBoldItalic.uasset" 475
"../../../Engine/Content/EngineFonts/Faces/RobotoBoldItalic.ufont" 476
"../../../Engine/Content/EngineFonts/Roboto.uasset" 477
"../../../Engine/Content/EngineFonts/Roboto.uexp" 478
"../../../Engine/Content/EngineDebugMaterials/VolumeToRender.uasset" 479
"../../../Engine/Content/EngineDebugMaterials/VolumeToRender.uexp" 480
"../../../Engine/Content/EngineDebugMaterials/M_VolumeRenderSphereTracePP.uasset" 481
"../../../Engine/Content/EngineDebugMaterials/M_VolumeRenderSphereTracePP.uexp" 482
"../../../Engine/Content/EngineDebugMaterials/M_SimpleUnlitTranslucent.uasset" 483
"../../../Engine/Content/EngineDebugMaterials/M_SimpleUnlitTranslucent.uexp" 484
"../../../Engine/Content/EngineDebugMaterials/DebugMeshMaterial.uasset" 485
"../../../Engine/Content/EngineDebugMaterials/DebugMeshMaterial.uexp" 486
"../../../Engine/Content/EngineDebugMaterials/DebugEditorMaterial.uasset" 487
"../../../Engine/Content/EngineDebugMaterials/DebugEditorMaterial.uexp" 488
"../../../Engine/Content/EngineDamageTypes/DmgTypeBP_Environmental.uasset" 489
"../../../Engine/Content/EngineDamageTypes/DmgTypeBP_Environmental.uexp" 490
"../../../Engine/Content/EngineMaterials/DefaultMaterial.uasset" 491
"../../../Engine/Content/EngineMaterials/DefaultMaterial.uexp" 492
"../../../Engine/Content/BasicShapes/Sphere.ubulk" 493
"../../../Engine/Content/BasicShapes/Sphere.uasset" 494
"../../../Engine/Content/BasicShapes/Sphere.uexp" 495
"../../../Engine/Content/BasicShapes/Plane.ubulk" 496
"../../../Engine/Content/BasicShapes/Plane.uasset" 497
"../../../Engine/Content/BasicShapes/Plane.uexp" 498
"../../../Engine/Content/BasicShapes/Cylinder.ubulk" 499
"../../../Engine/Content/BasicShapes/Cylinder.uasset" 500
"../../../Engine/Content/BasicShapes/Cylinder.uexp" 501
"../../../Engine/Content/BasicShapes/Cone.ubulk" 502
"../../../Engine/Content/BasicShapes/Cone.uasset" 503
"../../../Engine/Content/BasicShapes/Cone.uexp" 504
"../../../Engine/Content/Animation/DefaultVariableFrameStrippingSettings.uasset" 505
"../../../Engine/Content/Animation/DefaultVariableFrameStrippingSettings.uexp" 506
"../../../Engine/Content/MobileResources/HUD/VirtualJoystick_Background.uasset" 507
"../../../Engine/Content/MobileResources/HUD/VirtualJoystick_Background.uexp" 508
"../../../Engine/Content/MobileResources/HUD/VirtualJoystick_Thumb.uasset" 509
"../../../Engine/Content/MobileResources/HUD/VirtualJoystick_Thumb.uexp" 510
"../../../Engine/Content/MobileResources/HUD/DefaultVirtualJoysticks.uasset" 511
"../../../Engine/Content/MobileResources/HUD/DefaultVirtualJoysticks.uexp" 512
"../../../Engine/Content/EngineSky/VolumetricClouds/CloudWeatherTexture.uasset" 513
"../../../Engine/Content/EngineSky/VolumetricClouds/CloudWeatherTexture.uexp" 514
"../../../Engine/Content/Functions/Engine_MaterialFunctions02/Utility/MakeFloat2.uasset" 515
"../../../Engine/Content/Functions/Engine_MaterialFunctions02/Utility/MakeFloat2.uexp" 516
"../../../Engine/Content/EngineSky/VolumetricClouds/CloudGradientTexture.uasset" 517
"../../../Engine/Content/EngineSky/VolumetricClouds/CloudGradientTexture.uexp" 518
"../../../Engine/Content/EngineSky/VolumetricClouds/T_NoiseShape64.ubulk" 519
"../../../Engine/Content/EngineSky/VolumetricClouds/T_NoiseShape64.uasset" 520
"../../../Engine/Content/EngineSky/VolumetricClouds/T_NoiseShape64.uexp" 521
"../../../Engine/Content/EngineSky/VolumetricClouds/T_VolumeNoiseShape64.uasset" 522
"../../../Engine/Content/EngineSky/VolumetricClouds/T_VolumeNoiseShape64.uexp" 523
"../../../Engine/Content/EngineSky/VolumetricClouds/T_NoiseErosion.ubulk" 524
"../../../Engine/Content/EngineSky/VolumetricClouds/T_NoiseErosion.uasset" 525
"../../../Engine/Content/EngineSky/VolumetricClouds/T_NoiseErosion.uexp" 526
"../../../Engine/Content/EngineSky/VolumetricClouds/T_VolumeNoiseErosion32.uasset" 527
"../../../Engine/Content/EngineSky/VolumetricClouds/T_VolumeNoiseErosion32.uexp" 528
"../../../Engine/Content/EngineSky/VolumetricClouds/m_SimpleVolumetricCloud.uasset" 529
"../../../Engine/Content/EngineSky/VolumetricClouds/m_SimpleVolumetricCloud.uexp" 530
"../../../Engine/Content/EngineSky/VolumetricClouds/m_SimpleVolumetricCloud_Inst.uasset" 531
"../../../Engine/Content/EngineSky/VolumetricClouds/m_SimpleVolumetricCloud_Inst.uexp" 532
"../../../Engine/Content/EngineResources/FilmGrains/Marcie_Grain_v3_128_M2_000.uasset" 533
"../../../Engine/Content/EngineResources/FilmGrains/Marcie_Grain_v3_128_M2_000.uexp" 534
"../../../Engine/Plugins/Interchange/Runtime/Content/gltf/MaterialFunctions/MF_RotateV2.uasset" 535
"../../../Engine/Plugins/Interchange/Runtime/Content/gltf/MaterialFunctions/MF_RotateV2.uexp" 536
"../../../Engine/Plugins/Interchange/Runtime/Content/gltf/MaterialFunctions/MF_TransformUVs.uasset" 537
"../../../Engine/Plugins/Interchange/Runtime/Content/gltf/MaterialFunctions/MF_TransformUVs.uexp" 538
"../../../Engine/Plugins/Interchange/Runtime/Content/gltf/Textures/T_White_srgb.uasset" 539
"../../../Engine/Plugins/Interchange/Runtime/Content/gltf/Textures/T_White_srgb.uexp" 540
"../../../Engine/Plugins/Interchange/Runtime/Content/gltf/MaterialFunctions/MF_BaseColor.uasset" 541
"../../../Engine/Plugins/Interchange/Runtime/Content/gltf/MaterialFunctions/MF_BaseColor.uexp" 542
"../../../Engine/Plugins/Interchange/Runtime/Content/gltf/MaterialBodies/MF_Unlit_Body.uasset" 543
"../../../Engine/Plugins/Interchange/Runtime/Content/gltf/MaterialBodies/MF_Unlit_Body.uexp" 544
"../../../Engine/Plugins/Interchange/Runtime/Content/gltf/M_Unlit.uasset" 545
"../../../Engine/Plugins/Interchange/Runtime/Content/gltf/M_Unlit.uexp" 546
"../../../Engine/Plugins/Interchange/Runtime/Content/gltf/MaterialInstances/MI_Unlit_Opaque_DS.uasset" 547
"../../../Engine/Plugins/Interchange/Runtime/Content/gltf/MaterialInstances/MI_Unlit_Opaque_DS.uexp" 548
"../../../Engine/Plugins/Interchange/Runtime/Content/gltf/MaterialInstances/MI_Unlit_Opaque.uasset" 549
"../../../Engine/Plugins/Interchange/Runtime/Content/gltf/MaterialInstances/MI_Unlit_Opaque.uexp" 550
"../../../Engine/Plugins/Interchange/Runtime/Content/gltf/MaterialInstances/MI_Unlit_Mask_DS.uasset" 551
"../../../Engine/Plugins/Interchange/Runtime/Content/gltf/MaterialInstances/MI_Unlit_Mask_DS.uexp" 552
"../../../Engine/Plugins/Interchange/Runtime/Content/gltf/MaterialInstances/MI_Unlit_Mask.uasset" 553
"../../../Engine/Plugins/Interchange/Runtime/Content/gltf/MaterialInstances/MI_Unlit_Mask.uexp" 554
"../../../Engine/Plugins/Interchange/Runtime/Content/gltf/MaterialInstances/MI_Unlit_Blend_DS.uasset" 555
"../../../Engine/Plugins/Interchange/Runtime/Content/gltf/MaterialInstances/MI_Unlit_Blend_DS.uexp" 556
"../../../Engine/Plugins/Interchange/Runtime/Content/gltf/MaterialInstances/MI_Unlit_Blend.uasset" 557
"../../../Engine/Plugins/Interchange/Runtime/Content/gltf/MaterialInstances/MI_Unlit_Blend.uexp" 558
"../../../Engine/Plugins/Interchange/Runtime/Content/gltf/MaterialFunctions/MF_Iridescence.uasset" 559
"../../../Engine/Plugins/Interchange/Runtime/Content/gltf/MaterialFunctions/MF_Iridescence.uexp" 560
"../../../Engine/Plugins/Interchange/Runtime/Content/gltf/Textures/T_White_Linear.uasset" 561
"../../../Engine/Plugins/Interchange/Runtime/Content/gltf/Textures/T_White_Linear.uexp" 562
"../../../Engine/Plugins/Interchange/Runtime/Content/gltf/MaterialFunctions/MF_MetallicRoughness.uasset" 563
"../../../Engine/Plugins/Interchange/Runtime/Content/gltf/MaterialFunctions/MF_MetallicRoughness.uexp" 564
"../../../Engine/Plugins/Interchange/Runtime/Content/gltf/MaterialFunctions/MF_Transmission.uasset" 565
"../../../Engine/Plugins/Interchange/Runtime/Content/gltf/MaterialFunctions/MF_Transmission.uexp" 566
"../../../Engine/Plugins/Interchange/Runtime/Content/gltf/MaterialFunctions/MF_Occlusion.uasset" 567
"../../../Engine/Plugins/Interchange/Runtime/Content/gltf/MaterialFunctions/MF_Occlusion.uexp" 568
"../../../Engine/Plugins/Interchange/Runtime/Content/gltf/MaterialFunctions/MF_Specular.uasset" 569
"../../../Engine/Plugins/Interchange/Runtime/Content/gltf/MaterialFunctions/MF_Specular.uexp" 570
"../../../Engine/Plugins/Interchange/Runtime/Content/gltf/MaterialFunctions/MF_IOR.uasset" 571
"../../../Engine/Plugins/Interchange/Runtime/Content/gltf/MaterialFunctions/MF_IOR.uexp" 572
"../../../Engine/Plugins/Interchange/Runtime/Content/gltf/MaterialFunctions/MF_RotateNormals_TS.uasset" 573
"../../../Engine/Plugins/Interchange/Runtime/Content/gltf/MaterialFunctions/MF_RotateNormals_TS.uexp" 574
"../../../Engine/Plugins/Interchange/Runtime/Content/gltf/Textures/T_Generic_N.uasset" 575
"../../../Engine/Plugins/Interchange/Runtime/Content/gltf/Textures/T_Generic_N.uexp" 576
"../../../Engine/Plugins/Interchange/Runtime/Content/gltf/MaterialFunctions/MF_Normals.uasset" 577
"../../../Engine/Plugins/Interchange/Runtime/Content/gltf/MaterialFunctions/MF_Normals.uexp" 578
"../../../Engine/Plugins/Interchange/Runtime/Content/gltf/MaterialBodies/MF_Transmission_Body.uasset" 579
"../../../Engine/Plugins/Interchange/Runtime/Content/gltf/MaterialBodies/MF_Transmission_Body.uexp" 580
"../../../Engine/Plugins/Interchange/Runtime/Content/gltf/M_Transmission.uasset" 581
"../../../Engine/Plugins/Interchange/Runtime/Content/gltf/M_Transmission.uexp" 582
"../../../Engine/Plugins/Interchange/Runtime/Content/gltf/MaterialInstances/MI_Transmission_DS.uasset" 583
"../../../Engine/Plugins/Interchange/Runtime/Content/gltf/MaterialInstances/MI_Transmission_DS.uexp" 584
"../../../Engine/Plugins/Interchange/Runtime/Content/gltf/MaterialInstances/MI_Transmission.uasset" 585
"../../../Engine/Plugins/Interchange/Runtime/Content/gltf/MaterialInstances/MI_Transmission.uexp" 586
"../../../Engine/Plugins/Interchange/Runtime/Content/gltf/MaterialFunctions/MF_DiffuseSpecGloss.uasset" 587
"../../../Engine/Plugins/Interchange/Runtime/Content/gltf/MaterialFunctions/MF_DiffuseSpecGloss.uexp" 588
"../../../Engine/Content/Functions/Engine_MaterialFunctions02/Math/AddComponents.uasset" 589
"../../../Engine/Content/Functions/Engine_MaterialFunctions02/Math/AddComponents.uexp" 590
"../../../Engine/Plugins/Interchange/Runtime/Content/gltf/MaterialFunctions/MF_PerceivedBrightness.uasset" 591
"../../../Engine/Plugins/Interchange/Runtime/Content/gltf/MaterialFunctions/MF_PerceivedBrightness.uexp" 592
"../../../Engine/Plugins/Interchange/Runtime/Content/gltf/MaterialFunctions/MF_Emissive.uasset" 593
"../../../Engine/Plugins/Interchange/Runtime/Content/gltf/MaterialFunctions/MF_Emissive.uexp" 594
"../../../Engine/Plugins/Interchange/Runtime/Content/gltf/MaterialFunctions/MF_SpecGlossToMetalRoughness.uasset" 595
"../../../Engine/Plugins/Interchange/Runtime/Content/gltf/MaterialFunctions/MF_SpecGlossToMetalRoughness.uexp" 596
"../../../Engine/Plugins/Interchange/Runtime/Content/gltf/MaterialBodies/MF_SpecularGlossiness_Body.uasset" 597
"../../../Engine/Plugins/Interchange/Runtime/Content/gltf/MaterialBodies/MF_SpecularGlossiness_Body.uexp" 598
"../../../Engine/Plugins/Interchange/Runtime/Content/gltf/M_SpecularGlossiness.uasset" 599
"../../../Engine/Plugins/Interchange/Runtime/Content/gltf/M_SpecularGlossiness.uexp" 600
"../../../Engine/Plugins/Interchange/Runtime/Content/gltf/MaterialInstances/MI_SpecularGlossiness_Opaque_DS.uasset" 601
"../../../Engine/Plugins/Interchange/Runtime/Content/gltf/MaterialInstances/MI_SpecularGlossiness_Opaque_DS.uexp" 602
"../../../Engine/Plugins/Interchange/Runtime/Content/gltf/MaterialInstances/MI_SpecularGlossiness_Opaque.uasset" 603
"../../../Engine/Plugins/Interchange/Runtime/Content/gltf/MaterialInstances/MI_SpecularGlossiness_Opaque.uexp" 604
"../../../Engine/Plugins/Interchange/Runtime/Content/gltf/MaterialInstances/MI_SpecularGlossiness_Mask_DS.uasset" 605
"../../../Engine/Plugins/Interchange/Runtime/Content/gltf/MaterialInstances/MI_SpecularGlossiness_Mask_DS.uexp" 606
"../../../Engine/Plugins/Interchange/Runtime/Content/gltf/MaterialInstances/MI_SpecularGlossiness_Mask.uasset" 607
"../../../Engine/Plugins/Interchange/Runtime/Content/gltf/MaterialInstances/MI_SpecularGlossiness_Mask.uexp" 608
"../../../Engine/Plugins/Interchange/Runtime/Content/gltf/MaterialInstances/MI_SpecularGlossiness_Blend_DS.uasset" 609
"../../../Engine/Plugins/Interchange/Runtime/Content/gltf/MaterialInstances/MI_SpecularGlossiness_Blend_DS.uexp" 610
"../../../Engine/Plugins/Interchange/Runtime/Content/gltf/MaterialInstances/MI_SpecularGlossiness_Blend.uasset" 611
"../../../Engine/Plugins/Interchange/Runtime/Content/gltf/MaterialInstances/MI_SpecularGlossiness_Blend.uexp" 612
"../../../Engine/Plugins/Interchange/Runtime/Content/gltf/MaterialFunctions/MF_Sheen.uasset" 613
"../../../Engine/Plugins/Interchange/Runtime/Content/gltf/MaterialFunctions/MF_Sheen.uexp" 614
"../../../Engine/Plugins/Interchange/Runtime/Content/gltf/MaterialBodies/MF_Sheen_Body.uasset" 615
"../../../Engine/Plugins/Interchange/Runtime/Content/gltf/MaterialBodies/MF_Sheen_Body.uexp" 616
"../../../Engine/Plugins/Interchange/Runtime/Content/gltf/M_Sheen.uasset" 617
"../../../Engine/Plugins/Interchange/Runtime/Content/gltf/M_Sheen.uexp" 618
"../../../Engine/Plugins/Interchange/Runtime/Content/gltf/MaterialInstances/MI_Sheen_Opaque_DS.uasset" 619
"../../../Engine/Plugins/Interchange/Runtime/Content/gltf/MaterialInstances/MI_Sheen_Opaque_DS.uexp" 620
"../../../Engine/Plugins/Interchange/Runtime/Content/gltf/MaterialInstances/MI_Sheen_Opaque.uasset" 621
"../../../Engine/Plugins/Interchange/Runtime/Content/gltf/MaterialInstances/MI_Sheen_Opaque.uexp" 622
"../../../Engine/Plugins/Interchange/Runtime/Content/gltf/MaterialInstances/MI_Sheen_Mask_DS.uasset" 623
"../../../Engine/Plugins/Interchange/Runtime/Content/gltf/MaterialInstances/MI_Sheen_Mask_DS.uexp" 624
"../../../Engine/Plugins/Interchange/Runtime/Content/gltf/MaterialInstances/MI_Sheen_Mask.uasset" 625
"../../../Engine/Plugins/Interchange/Runtime/Content/gltf/MaterialInstances/MI_Sheen_Mask.uexp" 626
"../../../Engine/Plugins/Interchange/Runtime/Content/gltf/MaterialInstances/MI_Sheen_Blend_DS.uasset" 627
"../../../Engine/Plugins/Interchange/Runtime/Content/gltf/MaterialInstances/MI_Sheen_Blend_DS.uexp" 628
"../../../Engine/Plugins/Interchange/Runtime/Content/gltf/MaterialInstances/MI_Sheen_Blend.uasset" 629
"../../../Engine/Plugins/Interchange/Runtime/Content/gltf/MaterialInstances/MI_Sheen_Blend.uexp" 630
"../../../Engine/Plugins/Interchange/Runtime/Content/gltf/MaterialBodies/MF_Default_Body.uasset" 631
"../../../Engine/Plugins/Interchange/Runtime/Content/gltf/MaterialBodies/MF_Default_Body.uexp" 632
"../../../Engine/Plugins/Interchange/Runtime/Content/gltf/M_Default.uasset" 633
"../../../Engine/Plugins/Interchange/Runtime/Content/gltf/M_Default.uexp" 634
"../../../Engine/Plugins/Interchange/Runtime/Content/gltf/MaterialInstances/MI_Default_Opaque_DS.uasset" 635
"../../../Engine/Plugins/Interchange/Runtime/Content/gltf/MaterialInstances/MI_Default_Opaque_DS.uexp" 636
"../../../Engine/Plugins/Interchange/Runtime/Content/gltf/MaterialInstances/MI_Default_Opaque.uasset" 637
"../../../Engine/Plugins/Interchange/Runtime/Content/gltf/MaterialInstances/MI_Default_Opaque.uexp" 638
"../../../Engine/Plugins/Interchange/Runtime/Content/gltf/MaterialInstances/MI_Default_Mask_DS.uasset" 639
"../../../Engine/Plugins/Interchange/Runtime/Content/gltf/MaterialInstances/MI_Default_Mask_DS.uexp" 640
"../../../Engine/Plugins/Interchange/Runtime/Content/gltf/MaterialInstances/MI_Default_Mask.uasset" 641
"../../../Engine/Plugins/Interchange/Runtime/Content/gltf/MaterialInstances/MI_Default_Mask.uexp" 642
"../../../Engine/Plugins/Interchange/Runtime/Content/gltf/MaterialInstances/MI_Default_Blend_DS.uasset" 643
"../../../Engine/Plugins/Interchange/Runtime/Content/gltf/MaterialInstances/MI_Default_Blend_DS.uexp" 644
"../../../Engine/Plugins/Interchange/Runtime/Content/gltf/MaterialInstances/MI_Default_Blend.uasset" 645
"../../../Engine/Plugins/Interchange/Runtime/Content/gltf/MaterialInstances/MI_Default_Blend.uexp" 646
"../../../Engine/Content/Functions/Engine_MaterialFunctions01/Texturing/FlattenNormal.uasset" 647
"../../../Engine/Content/Functions/Engine_MaterialFunctions01/Texturing/FlattenNormal.uexp" 648
"../../../Engine/Plugins/Interchange/Runtime/Content/gltf/MaterialFunctions/MF_Clearcoat.uasset" 649
"../../../Engine/Plugins/Interchange/Runtime/Content/gltf/MaterialFunctions/MF_Clearcoat.uexp" 650
"../../../Engine/Plugins/Interchange/Runtime/Content/gltf/MaterialBodies/MF_ClearCoat_Body.uasset" 651
"../../../Engine/Plugins/Interchange/Runtime/Content/gltf/MaterialBodies/MF_ClearCoat_Body.uexp" 652
"../../../Engine/Plugins/Interchange/Runtime/Content/gltf/M_ClearCoat.uasset" 653
"../../../Engine/Plugins/Interchange/Runtime/Content/gltf/M_ClearCoat.uexp" 654
"../../../Engine/Plugins/Interchange/Runtime/Content/gltf/MaterialInstances/MI_ClearCoat_Opaque_DS.uasset" 655
"../../../Engine/Plugins/Interchange/Runtime/Content/gltf/MaterialInstances/MI_ClearCoat_Opaque_DS.uexp" 656
"../../../Engine/Plugins/Interchange/Runtime/Content/gltf/MaterialInstances/MI_ClearCoat_Opaque.uasset" 657
"../../../Engine/Plugins/Interchange/Runtime/Content/gltf/MaterialInstances/MI_ClearCoat_Opaque.uexp" 658
"../../../Engine/Plugins/Interchange/Runtime/Content/gltf/MaterialInstances/MI_ClearCoat_Mask_DS.uasset" 659
"../../../Engine/Plugins/Interchange/Runtime/Content/gltf/MaterialInstances/MI_ClearCoat_Mask_DS.uexp" 660
"../../../Engine/Plugins/Interchange/Runtime/Content/gltf/MaterialInstances/MI_ClearCoat_Mask.uasset" 661
"../../../Engine/Plugins/Interchange/Runtime/Content/gltf/MaterialInstances/MI_ClearCoat_Mask.uexp" 662
"../../../Engine/Plugins/Interchange/Runtime/Content/gltf/MaterialInstances/MI_ClearCoat_Blend_DS.uasset" 663
"../../../Engine/Plugins/Interchange/Runtime/Content/gltf/MaterialInstances/MI_ClearCoat_Blend_DS.uexp" 664
"../../../Engine/Plugins/Interchange/Runtime/Content/gltf/MaterialInstances/MI_ClearCoat_Blend.uasset" 665
"../../../Engine/Plugins/Interchange/Runtime/Content/gltf/MaterialInstances/MI_ClearCoat_Blend.uexp" 666
"../../../Engine/Content/Functions/Engine_MaterialFunctions01/Shading/PowerToRoughness.uasset" 667
"../../../Engine/Content/Functions/Engine_MaterialFunctions01/Shading/PowerToRoughness.uexp" 668
"../../../Engine/Content/Functions/Engine_MaterialFunctions01/Shading/ConvertFromDiffSpec.uasset" 669
"../../../Engine/Content/Functions/Engine_MaterialFunctions01/Shading/ConvertFromDiffSpec.uexp" 670
"../../../Engine/Content/EngineMaterials/Substrate/Volume/SubstrateSimpleVolumeLUT3D.uasset" 671
"../../../Engine/Content/EngineMaterials/Substrate/Volume/SubstrateSimpleVolumeLUT3D.uexp" 672
"../../../Engine/Content/EngineMaterials/Substrate/Volume/SubstrateSimpleVolumeEnvLUT3D.uasset" 673
"../../../Engine/Content/EngineMaterials/Substrate/Volume/SubstrateSimpleVolumeEnvLUT3D.uexp" 674
"../../../Engine/Content/EngineMaterials/Substrate/GLints2/AGlintTex2dArray2.uasset" 675
"../../../Engine/Content/EngineMaterials/Substrate/GLints2/AGlintTex2dArray2.uexp" 676
"../../../Engine/Content/EngineMaterials/Substrate/GLints/AGlintTex2dArray.uasset" 677
"../../../Engine/Content/EngineMaterials/Substrate/GLints/AGlintTex2dArray.uexp" 678
"../../../Engine/Content/Maps/Entry_BuiltData.uasset" 679
"../../../Engine/Content/Maps/Entry_BuiltData.uexp" 680
"../../../Engine/Content/Maps/Entry.uexp" 681
"../../../Engine/Content/Maps/Entry.umap" 682
"D:/TeamEcoProjects/Eco_Terror/Eco_Terror/Content/TeamOrca/StralveFolder/Textures/output_3835865263_1.ubulk" 683
"D:/TeamEcoProjects/Eco_Terror/Eco_Terror/Content/TeamOrca/StralveFolder/Textures/output_3835865263_1.uasset" 684
"D:/TeamEcoProjects/Eco_Terror/Eco_Terror/Content/TeamOrca/StralveFolder/Textures/output_3835865263_1.uexp" 685
"D:/TeamEcoProjects/Eco_Terror/Eco_Terror/Content/TeamOrca/StralveFolder/Widgets/WBP_MainMenu.uasset" 686
"D:/TeamEcoProjects/Eco_Terror/Eco_Terror/Content/TeamOrca/StralveFolder/Widgets/WBP_MainMenu.uexp" 687
"D:/TeamEcoProjects/Eco_Terror/Eco_Terror/Content/TeamOrca/Maps/L_Menu.uexp" 688
"D:/TeamEcoProjects/Eco_Terror/Eco_Terror/Content/TeamOrca/Maps/L_Menu.umap" 689
"D:/TeamEcoProjects/Eco_Terror/Eco_Terror/Content/LevelPrototyping/Textures/T_GridChecker_A.ubulk" 690
"D:/TeamEcoProjects/Eco_Terror/Eco_Terror/Content/LevelPrototyping/Textures/T_GridChecker_A.uasset" 691
"D:/TeamEcoProjects/Eco_Terror/Eco_Terror/Content/LevelPrototyping/Textures/T_GridChecker_A.uexp" 692
"../../../Engine/Content/Functions/Engine_MaterialFunctions01/Gradient/LinearGradient.uasset" 693
"../../../Engine/Content/Functions/Engine_MaterialFunctions01/Gradient/LinearGradient.uexp" 694
"../../../Engine/Content/Functions/Engine_MaterialFunctions01/ImageAdjustment/CheapContrast.uasset" 695
"../../../Engine/Content/Functions/Engine_MaterialFunctions01/ImageAdjustment/CheapContrast.uexp" 696
"D:/TeamEcoProjects/Eco_Terror/Eco_Terror/Content/LevelPrototyping/Materials/MF_ProcGrid.uasset" 697
"D:/TeamEcoProjects/Eco_Terror/Eco_Terror/Content/LevelPrototyping/Materials/MF_ProcGrid.uexp" 698
"D:/TeamEcoProjects/Eco_Terror/Eco_Terror/Content/TeamOrca/Greyboxing/Materials/M_PrototypeGrid.uasset" 699
"D:/TeamEcoProjects/Eco_Terror/Eco_Terror/Content/TeamOrca/Greyboxing/Materials/M_PrototypeGrid.uexp" 700
"D:/TeamEcoProjects/Eco_Terror/Eco_Terror/Content/TeamOrca/Greyboxing/Materials/MI_FLoor.uasset" 701
"D:/TeamEcoProjects/Eco_Terror/Eco_Terror/Content/TeamOrca/Greyboxing/Materials/MI_FLoor.uexp" 702
"D:/TeamEcoProjects/Eco_Terror/Eco_Terror/Content/TeamOrca/Greyboxing/SM_CubeL.ubulk" 703
"D:/TeamEcoProjects/Eco_Terror/Eco_Terror/Content/TeamOrca/Greyboxing/SM_CubeL.uasset" 704
"D:/TeamEcoProjects/Eco_Terror/Eco_Terror/Content/TeamOrca/Greyboxing/SM_CubeL.uexp" 705
"D:/TeamEcoProjects/Eco_Terror/Eco_Terror/Content/TeamOrca/Greyboxing/Materials/MI_Wall.uasset" 706
"D:/TeamEcoProjects/Eco_Terror/Eco_Terror/Content/TeamOrca/Greyboxing/Materials/MI_Wall.uexp" 707
"D:/TeamEcoProjects/Eco_Terror/Eco_Terror/Content/TeamOrca/Greyboxing/SM_Wall.ubulk" 708
"D:/TeamEcoProjects/Eco_Terror/Eco_Terror/Content/TeamOrca/Greyboxing/SM_Wall.uasset" 709
"D:/TeamEcoProjects/Eco_Terror/Eco_Terror/Content/TeamOrca/Greyboxing/SM_Wall.uexp" 710
"D:/TeamEcoProjects/Eco_Terror/Eco_Terror/Content/TeamOrca/Greyboxing/SM_FloorThick400x400.ubulk" 711
"D:/TeamEcoProjects/Eco_Terror/Eco_Terror/Content/TeamOrca/Greyboxing/SM_FloorThick400x400.uasset" 712
"D:/TeamEcoProjects/Eco_Terror/Eco_Terror/Content/TeamOrca/Greyboxing/SM_FloorThick400x400.uexp" 713
"D:/TeamEcoProjects/Eco_Terror/Eco_Terror/Content/TeamOrca/Greyboxing/Box_5A606E69.ubulk" 714
"D:/TeamEcoProjects/Eco_Terror/Eco_Terror/Content/TeamOrca/Greyboxing/Box_5A606E69.uasset" 715
"D:/TeamEcoProjects/Eco_Terror/Eco_Terror/Content/TeamOrca/Greyboxing/Box_5A606E69.uexp" 716
"D:/TeamEcoProjects/Eco_Terror/Eco_Terror/Content/TeamOrca/Greyboxing/SM_Window.ubulk" 717
"D:/TeamEcoProjects/Eco_Terror/Eco_Terror/Content/TeamOrca/Greyboxing/SM_Window.uasset" 718
"D:/TeamEcoProjects/Eco_Terror/Eco_Terror/Content/TeamOrca/Greyboxing/SM_Window.uexp" 719
"D:/TeamEcoProjects/Eco_Terror/Eco_Terror/Content/TeamOrca/Greyboxing/Materials/MI_Pillars.uasset" 720
"D:/TeamEcoProjects/Eco_Terror/Eco_Terror/Content/TeamOrca/Greyboxing/Materials/MI_Pillars.uexp" 721
"D:/TeamEcoProjects/Eco_Terror/Eco_Terror/Content/TeamOrca/Greyboxing/SM_ThickPillar.ubulk" 722
"D:/TeamEcoProjects/Eco_Terror/Eco_Terror/Content/TeamOrca/Greyboxing/SM_ThickPillar.uasset" 723
"D:/TeamEcoProjects/Eco_Terror/Eco_Terror/Content/TeamOrca/Greyboxing/SM_ThickPillar.uexp" 724
"D:/TeamEcoProjects/Eco_Terror/Eco_Terror/Content/TeamOrca/Greyboxing/SM_FloorThick400x200.ubulk" 725
"D:/TeamEcoProjects/Eco_Terror/Eco_Terror/Content/TeamOrca/Greyboxing/SM_FloorThick400x200.uasset" 726
"D:/TeamEcoProjects/Eco_Terror/Eco_Terror/Content/TeamOrca/Greyboxing/SM_FloorThick400x200.uexp" 727
"D:/TeamEcoProjects/Eco_Terror/Eco_Terror/Content/TeamOrca/Greyboxing/SM_Thinpillar.ubulk" 728
"D:/TeamEcoProjects/Eco_Terror/Eco_Terror/Content/TeamOrca/Greyboxing/SM_Thinpillar.uasset" 729
"D:/TeamEcoProjects/Eco_Terror/Eco_Terror/Content/TeamOrca/Greyboxing/SM_Thinpillar.uexp" 730
"D:/TeamEcoProjects/Eco_Terror/Eco_Terror/Content/TeamOrca/Greyboxing/Materials/MI_Props.uasset" 731
"D:/TeamEcoProjects/Eco_Terror/Eco_Terror/Content/TeamOrca/Greyboxing/Materials/MI_Props.uexp" 732
"D:/TeamEcoProjects/Eco_Terror/Eco_Terror/Content/TeamOrca/Greyboxing/SM_Railings.ubulk" 733
"D:/TeamEcoProjects/Eco_Terror/Eco_Terror/Content/TeamOrca/Greyboxing/SM_Railings.uasset" 734
"D:/TeamEcoProjects/Eco_Terror/Eco_Terror/Content/TeamOrca/Greyboxing/SM_Railings.uexp" 735
"D:/TeamEcoProjects/Eco_Terror/Eco_Terror/Content/TeamOrca/Greyboxing/SM_Desk.ubulk" 736
"D:/TeamEcoProjects/Eco_Terror/Eco_Terror/Content/TeamOrca/Greyboxing/SM_Desk.uasset" 737
"D:/TeamEcoProjects/Eco_Terror/Eco_Terror/Content/TeamOrca/Greyboxing/SM_Desk.uexp" 738
"D:/TeamEcoProjects/Eco_Terror/Eco_Terror/Content/TeamOrca/Greyboxing/Combined_71D4511E.ubulk" 739
"D:/TeamEcoProjects/Eco_Terror/Eco_Terror/Content/TeamOrca/Greyboxing/Combined_71D4511E.uasset" 740
"D:/TeamEcoProjects/Eco_Terror/Eco_Terror/Content/TeamOrca/Greyboxing/Combined_71D4511E.uexp" 741
"D:/TeamEcoProjects/Eco_Terror/Eco_Terror/Content/TeamOrca/Greyboxing/Box_ED1754AE.ubulk" 742
"D:/TeamEcoProjects/Eco_Terror/Eco_Terror/Content/TeamOrca/Greyboxing/Box_ED1754AE.uasset" 743
"D:/TeamEcoProjects/Eco_Terror/Eco_Terror/Content/TeamOrca/Greyboxing/Box_ED1754AE.uexp" 744
"D:/TeamEcoProjects/Eco_Terror/Eco_Terror/Content/TeamOrca/Greyboxing/SM_Chair.ubulk" 745
"D:/TeamEcoProjects/Eco_Terror/Eco_Terror/Content/TeamOrca/Greyboxing/SM_Chair.uasset" 746
"D:/TeamEcoProjects/Eco_Terror/Eco_Terror/Content/TeamOrca/Greyboxing/SM_Chair.uexp" 747
"D:/TeamEcoProjects/Eco_Terror/Eco_Terror/Content/TeamOrca/Greyboxing/SM_Shelf.ubulk" 748
"D:/TeamEcoProjects/Eco_Terror/Eco_Terror/Content/TeamOrca/Greyboxing/SM_Shelf.uasset" 749
"D:/TeamEcoProjects/Eco_Terror/Eco_Terror/Content/TeamOrca/Greyboxing/SM_Shelf.uexp" 750
"D:/TeamEcoProjects/Eco_Terror/Eco_Terror/Content/TeamOrca/Greyboxing/SM_StairsL.ubulk" 751
"D:/TeamEcoProjects/Eco_Terror/Eco_Terror/Content/TeamOrca/Greyboxing/SM_StairsL.uasset" 752
"D:/TeamEcoProjects/Eco_Terror/Eco_Terror/Content/TeamOrca/Greyboxing/SM_StairsL.uexp" 753
"D:/TeamEcoProjects/Eco_Terror/Eco_Terror/Content/TeamOrca/Greyboxing/SM_20StepStairBlock.ubulk" 754
"D:/TeamEcoProjects/Eco_Terror/Eco_Terror/Content/TeamOrca/Greyboxing/SM_20StepStairBlock.uasset" 755
"D:/TeamEcoProjects/Eco_Terror/Eco_Terror/Content/TeamOrca/Greyboxing/SM_20StepStairBlock.uexp" 756
"D:/TeamEcoProjects/Eco_Terror/Eco_Terror/Content/TeamOrca/Maps/L_Building.uexp" 757
"D:/TeamEcoProjects/Eco_Terror/Eco_Terror/Content/TeamOrca/Maps/L_Building.umap" 758
"../../../Engine/Content/BasicShapes/Cube.ubulk" 759
"../../../Engine/Content/BasicShapes/Cube.uasset" 760
"../../../Engine/Content/BasicShapes/Cube.uexp" 761
"D:/TeamEcoProjects/Eco_Terror/Eco_Terror/Content/TeamOrca/Zeno/Widgets/W_Interact.uasset" 762
"D:/TeamEcoProjects/Eco_Terror/Eco_Terror/Content/TeamOrca/Zeno/Widgets/W_Interact.uexp" 763
"../../../Engine/Content/BasicShapes/BasicShapeMaterial.uasset" 764
"../../../Engine/Content/BasicShapes/BasicShapeMaterial.uexp" 765
"D:/TeamEcoProjects/Eco_Terror/Eco_Terror/Content/ThirdPerson/Input/Actions/IA_Interact.uasset" 766
"D:/TeamEcoProjects/Eco_Terror/Eco_Terror/Content/ThirdPerson/Input/Actions/IA_Interact.uexp" 767
"D:/TeamEcoProjects/Eco_Terror/Eco_Terror/Content/Characters/Mannequins/Meshes/SK_Mannequin.uasset" 768
"D:/TeamEcoProjects/Eco_Terror/Eco_Terror/Content/Characters/Mannequins/Meshes/SK_Mannequin.uexp" 769
"D:/TeamEcoProjects/Eco_Terror/Eco_Terror/Content/Characters/Mannequins/Textures/Quinn/T_Quinn_02ID_MSR_MSK.ubulk" 770
"D:/TeamEcoProjects/Eco_Terror/Eco_Terror/Content/Characters/Mannequins/Textures/Quinn/T_Quinn_02ID_MSR_MSK.uasset" 771
"D:/TeamEcoProjects/Eco_Terror/Eco_Terror/Content/Characters/Mannequins/Textures/Quinn/T_Quinn_02ID_MSR_MSK.uexp" 772
"D:/TeamEcoProjects/Eco_Terror/Eco_Terror/Content/Characters/Mannequins/Textures/Quinn/T_Quinn_02ID_BN.ubulk" 773
"D:/TeamEcoProjects/Eco_Terror/Eco_Terror/Content/Characters/Mannequins/Textures/Quinn/T_Quinn_02ID_BN.uasset" 774
"D:/TeamEcoProjects/Eco_Terror/Eco_Terror/Content/Characters/Mannequins/Textures/Quinn/T_Quinn_02ID_BN.uexp" 775
"D:/TeamEcoProjects/Eco_Terror/Eco_Terror/Content/Characters/Mannequins/Textures/Quinn/T_Quinn_02_ASAOMASK_MSK.ubulk" 776
"D:/TeamEcoProjects/Eco_Terror/Eco_Terror/Content/Characters/Mannequins/Textures/Quinn/T_Quinn_02_ASAOMASK_MSK.uasset" 777
"D:/TeamEcoProjects/Eco_Terror/Eco_Terror/Content/Characters/Mannequins/Textures/Quinn/T_Quinn_02_ASAOMASK_MSK.uexp" 778
"D:/TeamEcoProjects/Eco_Terror/Eco_Terror/Content/Characters/Mannequins/Textures/Quinn/T_Quinn_02_CCRCCPlastic_MSK.ubulk" 779
"D:/TeamEcoProjects/Eco_Terror/Eco_Terror/Content/Characters/Mannequins/Textures/Quinn/T_Quinn_02_CCRCCPlastic_MSK.uasset" 780
"D:/TeamEcoProjects/Eco_Terror/Eco_Terror/Content/Characters/Mannequins/Textures/Quinn/T_Quinn_02_CCRCCPlastic_MSK.uexp" 781
"D:/TeamEcoProjects/Eco_Terror/Eco_Terror/Content/Characters/Mannequins/Textures/Quinn/T_Quinn_02ID_Tan.ubulk" 782
"D:/TeamEcoProjects/Eco_Terror/Eco_Terror/Content/Characters/Mannequins/Textures/Quinn/T_Quinn_02ID_Tan.uasset" 783
"D:/TeamEcoProjects/Eco_Terror/Eco_Terror/Content/Characters/Mannequins/Textures/Quinn/T_Quinn_02ID_Tan.uexp" 784
"D:/TeamEcoProjects/Eco_Terror/Eco_Terror/Content/Characters/Mannequins/Textures/Quinn/T_Quinn_02ID_D.ubulk" 785
"D:/TeamEcoProjects/Eco_Terror/Eco_Terror/Content/Characters/Mannequins/Textures/Quinn/T_Quinn_02ID_D.uasset" 786
"D:/TeamEcoProjects/Eco_Terror/Eco_Terror/Content/Characters/Mannequins/Textures/Quinn/T_Quinn_02ID_D.uexp" 787
"D:/TeamEcoProjects/Eco_Terror/Eco_Terror/Content/Characters/Mannequins/Textures/Quinn/T_Quinn_01ID_MSR_MSK.ubulk" 788
"D:/TeamEcoProjects/Eco_Terror/Eco_Terror/Content/Characters/Mannequins/Textures/Quinn/T_Quinn_01ID_MSR_MSK.uasset" 789
"D:/TeamEcoProjects/Eco_Terror/Eco_Terror/Content/Characters/Mannequins/Textures/Quinn/T_Quinn_01ID_MSR_MSK.uexp" 790
"D:/TeamEcoProjects/Eco_Terror/Eco_Terror/Content/Characters/Mannequins/Materials/Functions/ChromaticCurve.uasset" 791
"D:/TeamEcoProjects/Eco_Terror/Eco_Terror/Content/Characters/Mannequins/Materials/Functions/ChromaticCurve.uexp" 792
"D:/TeamEcoProjects/Eco_Terror/Eco_Terror/Content/Characters/Mannequins/Materials/Functions/CA_Mannequin.uasset" 793
"D:/TeamEcoProjects/Eco_Terror/Eco_Terror/Content/Characters/Mannequins/Materials/Functions/CA_Mannequin.uexp" 794
"D:/TeamEcoProjects/Eco_Terror/Eco_Terror/Content/Characters/Mannequins/Materials/Functions/MF_Diffraction.uasset" 795
"D:/TeamEcoProjects/Eco_Terror/Eco_Terror/Content/Characters/Mannequins/Materials/Functions/MF_Diffraction.uexp" 796
"D:/TeamEcoProjects/Eco_Terror/Eco_Terror/Content/Characters/Mannequins/Textures/Manny/T_Manny_01_N.ubulk" 797
"D:/TeamEcoProjects/Eco_Terror/Eco_Terror/Content/Characters/Mannequins/Textures/Manny/T_Manny_01_N.uasset" 798
"D:/TeamEcoProjects/Eco_Terror/Eco_Terror/Content/Characters/Mannequins/Textures/Manny/T_Manny_01_N.uexp" 799
"D:/TeamEcoProjects/Eco_Terror/Eco_Terror/Content/Characters/Mannequins/Materials/Functions/ML_BaseColorFallOff.uasset" 800
"D:/TeamEcoProjects/Eco_Terror/Eco_Terror/Content/Characters/Mannequins/Materials/Functions/ML_BaseColorFallOff.uexp" 801
"../../../Engine/Content/Functions/Engine_MaterialFunctions01/Texturing/ScaleUVsByCenter.uasset" 802
"../../../Engine/Content/Functions/Engine_MaterialFunctions01/Texturing/ScaleUVsByCenter.uexp" 803
"D:/TeamEcoProjects/Eco_Terror/Eco_Terror/Content/Characters/Mannequins/Textures/Shared/T_UE_Logo_M.uasset" 804
"D:/TeamEcoProjects/Eco_Terror/Eco_Terror/Content/Characters/Mannequins/Textures/Shared/T_UE_Logo_M.uexp" 805
"D:/TeamEcoProjects/Eco_Terror/Eco_Terror/Content/Characters/Mannequins/Materials/Functions/MF_logo3layers.uasset" 806
"D:/TeamEcoProjects/Eco_Terror/Eco_Terror/Content/Characters/Mannequins/Materials/Functions/MF_logo3layers.uexp" 807
"D:/TeamEcoProjects/Eco_Terror/Eco_Terror/Content/Characters/Mannequins/Textures/Manny/T_Manny_01_CCRCCPlastic_MSK.ubulk" 808
"D:/TeamEcoProjects/Eco_Terror/Eco_Terror/Content/Characters/Mannequins/Textures/Manny/T_Manny_01_CCRCCPlastic_MSK.uasset" 809
"D:/TeamEcoProjects/Eco_Terror/Eco_Terror/Content/Characters/Mannequins/Textures/Manny/T_Manny_01_CCRCCPlastic_MSK.uexp" 810
"D:/TeamEcoProjects/Eco_Terror/Eco_Terror/Content/Characters/Mannequins/Textures/Manny/T_Manny_01_ASAOPMASK_MSK.ubulk" 811
"D:/TeamEcoProjects/Eco_Terror/Eco_Terror/Content/Characters/Mannequins/Textures/Manny/T_Manny_01_ASAOPMASK_MSK.uasset" 812
"D:/TeamEcoProjects/Eco_Terror/Eco_Terror/Content/Characters/Mannequins/Textures/Manny/T_Manny_01_ASAOPMASK_MSK.uexp" 813
"D:/TeamEcoProjects/Eco_Terror/Eco_Terror/Content/Characters/Mannequins/Textures/Manny/T_Manny_01_MSR_MSK.ubulk" 814
"D:/TeamEcoProjects/Eco_Terror/Eco_Terror/Content/Characters/Mannequins/Textures/Manny/T_Manny_01_MSR_MSK.uasset" 815
"D:/TeamEcoProjects/Eco_Terror/Eco_Terror/Content/Characters/Mannequins/Textures/Manny/T_Manny_01_MSR_MSK.uexp" 816
"D:/TeamEcoProjects/Eco_Terror/Eco_Terror/Content/Characters/Mannequins/Textures/Manny/T_Manny_01_BN.ubulk" 817
"D:/TeamEcoProjects/Eco_Terror/Eco_Terror/Content/Characters/Mannequins/Textures/Manny/T_Manny_01_BN.uasset" 818
"D:/TeamEcoProjects/Eco_Terror/Eco_Terror/Content/Characters/Mannequins/Textures/Manny/T_Manny_01_BN.uexp" 819
"D:/TeamEcoProjects/Eco_Terror/Eco_Terror/Content/Characters/Mannequins/Textures/Manny/T_Manny_01_D.ubulk" 820
"D:/TeamEcoProjects/Eco_Terror/Eco_Terror/Content/Characters/Mannequins/Textures/Manny/T_Manny_01_D.uasset" 821
"D:/TeamEcoProjects/Eco_Terror/Eco_Terror/Content/Characters/Mannequins/Textures/Manny/T_Manny_01_D.uexp" 822
"D:/TeamEcoProjects/Eco_Terror/Eco_Terror/Content/Characters/Mannequins/Textures/Manny/T_Manny_01_Tan.ubulk" 823
"D:/TeamEcoProjects/Eco_Terror/Eco_Terror/Content/Characters/Mannequins/Textures/Manny/T_Manny_01_Tan.uasset" 824
"D:/TeamEcoProjects/Eco_Terror/Eco_Terror/Content/Characters/Mannequins/Textures/Manny/T_Manny_01_Tan.uexp" 825
"D:/TeamEcoProjects/Eco_Terror/Eco_Terror/Content/Characters/Mannequins/Materials/M_Mannequin.uasset" 826
"D:/TeamEcoProjects/Eco_Terror/Eco_Terror/Content/Characters/Mannequins/Materials/M_Mannequin.uexp" 827
"D:/TeamEcoProjects/Eco_Terror/Eco_Terror/Content/Characters/Mannequins/Textures/Quinn/T_Quinn_01_ASAOMASK_MSK.ubulk" 828
"D:/TeamEcoProjects/Eco_Terror/Eco_Terror/Content/Characters/Mannequins/Textures/Quinn/T_Quinn_01_ASAOMASK_MSK.uasset" 829
"D:/TeamEcoProjects/Eco_Terror/Eco_Terror/Content/Characters/Mannequins/Textures/Quinn/T_Quinn_01_ASAOMASK_MSK.uexp" 830
"D:/TeamEcoProjects/Eco_Terror/Eco_Terror/Content/Characters/Mannequins/Textures/Quinn/T_Quinn_01ID_N.ubulk" 831
"D:/TeamEcoProjects/Eco_Terror/Eco_Terror/Content/Characters/Mannequins/Textures/Quinn/T_Quinn_01ID_N.uasset" 832
"D:/TeamEcoProjects/Eco_Terror/Eco_Terror/Content/Characters/Mannequins/Textures/Quinn/T_Quinn_01ID_N.uexp" 833
"D:/TeamEcoProjects/Eco_Terror/Eco_Terror/Content/Characters/Mannequins/Textures/Quinn/T_Quinn_01ID_BN.ubulk" 834
"D:/TeamEcoProjects/Eco_Terror/Eco_Terror/Content/Characters/Mannequins/Textures/Quinn/T_Quinn_01ID_BN.uasset" 835
"D:/TeamEcoProjects/Eco_Terror/Eco_Terror/Content/Characters/Mannequins/Textures/Quinn/T_Quinn_01ID_BN.uexp" 836
"D:/TeamEcoProjects/Eco_Terror/Eco_Terror/Content/Characters/Mannequins/Textures/Quinn/T_Quinn_01ID_D.ubulk" 837
"D:/TeamEcoProjects/Eco_Terror/Eco_Terror/Content/Characters/Mannequins/Textures/Quinn/T_Quinn_01ID_D.uasset" 838
"D:/TeamEcoProjects/Eco_Terror/Eco_Terror/Content/Characters/Mannequins/Textures/Quinn/T_Quinn_01ID_D.uexp" 839
"D:/TeamEcoProjects/Eco_Terror/Eco_Terror/Content/Characters/Mannequins/Textures/Quinn/T_Quinn_01ID_Tan.ubulk" 840
"D:/TeamEcoProjects/Eco_Terror/Eco_Terror/Content/Characters/Mannequins/Textures/Quinn/T_Quinn_01ID_Tan.uasset" 841
"D:/TeamEcoProjects/Eco_Terror/Eco_Terror/Content/Characters/Mannequins/Textures/Quinn/T_Quinn_01ID_Tan.uexp" 842
"D:/TeamEcoProjects/Eco_Terror/Eco_Terror/Content/Characters/Mannequins/Textures/Quinn/T_Quinn_01_CCRCCPlastic_MSK.ubulk" 843
"D:/TeamEcoProjects/Eco_Terror/Eco_Terror/Content/Characters/Mannequins/Textures/Quinn/T_Quinn_01_CCRCCPlastic_MSK.uasset" 844
"D:/TeamEcoProjects/Eco_Terror/Eco_Terror/Content/Characters/Mannequins/Textures/Quinn/T_Quinn_01_CCRCCPlastic_MSK.uexp" 845
"D:/TeamEcoProjects/Eco_Terror/Eco_Terror/Content/Characters/Mannequins/Materials/Instances/Quinn/MI_Quinn_01.uasset" 846
"D:/TeamEcoProjects/Eco_Terror/Eco_Terror/Content/Characters/Mannequins/Materials/Instances/Quinn/MI_Quinn_01.uexp" 847
"D:/TeamEcoProjects/Eco_Terror/Eco_Terror/Content/Characters/Mannequins/Textures/Quinn/T_Quinn_02ID_N.ubulk" 848
"D:/TeamEcoProjects/Eco_Terror/Eco_Terror/Content/Characters/Mannequins/Textures/Quinn/T_Quinn_02ID_N.uasset" 849
"D:/TeamEcoProjects/Eco_Terror/Eco_Terror/Content/Characters/Mannequins/Textures/Quinn/T_Quinn_02ID_N.uexp" 850
"D:/TeamEcoProjects/Eco_Terror/Eco_Terror/Content/Characters/Mannequins/Materials/Instances/Quinn/MI_Quinn_02.uasset" 851
"D:/TeamEcoProjects/Eco_Terror/Eco_Terror/Content/Characters/Mannequins/Materials/Instances/Quinn/MI_Quinn_02.uexp" 852
"D:/TeamEcoProjects/Eco_Terror/Eco_Terror/Content/Characters/Mannequins/Rigs/PA_Mannequin.uasset" 853
"D:/TeamEcoProjects/Eco_Terror/Eco_Terror/Content/Characters/Mannequins/Rigs/PA_Mannequin.uexp" 854
"D:/TeamEcoProjects/Eco_Terror/Eco_Terror/Content/Characters/Mannequins/Meshes/SKM_Quinn_Simple.uasset" 855
"D:/TeamEcoProjects/Eco_Terror/Eco_Terror/Content/Characters/Mannequins/Meshes/SKM_Quinn_Simple.uexp" 856
"D:/TeamEcoProjects/Eco_Terror/Eco_Terror/Content/ThirdPerson/Input/Actions/IA_Jump.uasset" 857
"D:/TeamEcoProjects/Eco_Terror/Eco_Terror/Content/ThirdPerson/Input/Actions/IA_Jump.uexp" 858
"D:/TeamEcoProjects/Eco_Terror/Eco_Terror/Content/ThirdPerson/Input/Actions/IA_Look.uasset" 859
"D:/TeamEcoProjects/Eco_Terror/Eco_Terror/Content/ThirdPerson/Input/Actions/IA_Look.uexp" 860
"D:/TeamEcoProjects/Eco_Terror/Eco_Terror/Content/ThirdPerson/Input/Actions/IA_Move.uasset" 861
"D:/TeamEcoProjects/Eco_Terror/Eco_Terror/Content/ThirdPerson/Input/Actions/IA_Move.uexp" 862
"D:/TeamEcoProjects/Eco_Terror/Eco_Terror/Content/ThirdPerson/Input/IMC_Default.uasset" 863
"D:/TeamEcoProjects/Eco_Terror/Eco_Terror/Content/ThirdPerson/Input/IMC_Default.uexp" 864
"../../../Engine/Content/Animation/DefaultAnimCurveCompressionSettings.uasset" 865
"../../../Engine/Content/Animation/DefaultAnimCurveCompressionSettings.uexp" 866
"../../../Engine/Content/Animation/DefaultAnimBoneCompressionSettings.uasset" 867
"../../../Engine/Content/Animation/DefaultAnimBoneCompressionSettings.uexp" 868
"D:/TeamEcoProjects/Eco_Terror/Eco_Terror/Content/Characters/Mannequins/Animations/Quinn/MF_Run_Fwd.uasset" 869
"D:/TeamEcoProjects/Eco_Terror/Eco_Terror/Content/Characters/Mannequins/Animations/Quinn/MF_Run_Fwd.uexp" 870
"D:/TeamEcoProjects/Eco_Terror/Eco_Terror/Content/Characters/Mannequins/Animations/Quinn/MF_Walk_Fwd.uasset" 871
"D:/TeamEcoProjects/Eco_Terror/Eco_Terror/Content/Characters/Mannequins/Animations/Quinn/MF_Walk_Fwd.uexp" 872
"../../../Engine/Content/Animation/DefaultRecorderBoneCompression.uasset" 873
"../../../Engine/Content/Animation/DefaultRecorderBoneCompression.uexp" 874
"D:/TeamEcoProjects/Eco_Terror/Eco_Terror/Content/Characters/Mannequins/Animations/Manny/MM_Walk_InPlace.uasset" 875
"D:/TeamEcoProjects/Eco_Terror/Eco_Terror/Content/Characters/Mannequins/Animations/Manny/MM_Walk_InPlace.uexp" 876
"D:/TeamEcoProjects/Eco_Terror/Eco_Terror/Content/Characters/Mannequins/Animations/Quinn/BS_MF_Unarmed_WalkRun.uasset" 877
"D:/TeamEcoProjects/Eco_Terror/Eco_Terror/Content/Characters/Mannequins/Animations/Quinn/BS_MF_Unarmed_WalkRun.uexp" 878
"D:/TeamEcoProjects/Eco_Terror/Eco_Terror/Content/Characters/Mannequins/Animations/Quinn/MF_Idle.uasset" 879
"D:/TeamEcoProjects/Eco_Terror/Eco_Terror/Content/Characters/Mannequins/Animations/Quinn/MF_Idle.uexp" 880
"D:/TeamEcoProjects/Eco_Terror/Eco_Terror/Content/Characters/Mannequins/Animations/Manny/MM_Fall_Loop.uasset" 881
"D:/TeamEcoProjects/Eco_Terror/Eco_Terror/Content/Characters/Mannequins/Animations/Manny/MM_Fall_Loop.uexp" 882
"D:/TeamEcoProjects/Eco_Terror/Eco_Terror/Content/Characters/Mannequins/Animations/Manny/MM_Jump.uasset" 883
"D:/TeamEcoProjects/Eco_Terror/Eco_Terror/Content/Characters/Mannequins/Animations/Manny/MM_Jump.uexp" 884
"../../../Engine/Plugins/Animation/ControlRig/Content/Controls/DefaultGizmoLibrary.uasset" 885
"../../../Engine/Plugins/Animation/ControlRig/Content/Controls/DefaultGizmoLibrary.uexp" 886
"D:/TeamEcoProjects/Eco_Terror/Eco_Terror/Content/Characters/Mannequins/Rigs/CR_Mannequin_BasicFootIK.uasset" 887
"D:/TeamEcoProjects/Eco_Terror/Eco_Terror/Content/Characters/Mannequins/Rigs/CR_Mannequin_BasicFootIK.uexp" 888
"D:/TeamEcoProjects/Eco_Terror/Eco_Terror/Content/Characters/Mannequins/Animations/Manny/MM_Run_Fwd.uasset" 889
"D:/TeamEcoProjects/Eco_Terror/Eco_Terror/Content/Characters/Mannequins/Animations/Manny/MM_Run_Fwd.uexp" 890
"D:/TeamEcoProjects/Eco_Terror/Eco_Terror/Content/Characters/Mannequins/Animations/Manny/MM_Walk_Fwd.uasset" 891
"D:/TeamEcoProjects/Eco_Terror/Eco_Terror/Content/Characters/Mannequins/Animations/Manny/MM_Walk_Fwd.uexp" 892
"D:/TeamEcoProjects/Eco_Terror/Eco_Terror/Content/TeamOrca/VexFolder/walkrunandsprint/BS_W_R_S.uasset" 893
"D:/TeamEcoProjects/Eco_Terror/Eco_Terror/Content/TeamOrca/VexFolder/walkrunandsprint/BS_W_R_S.uexp" 894
"D:/TeamEcoProjects/Eco_Terror/Eco_Terror/Content/Characters/Mannequins/Animations/Manny/MM_Land.uasset" 895
"D:/TeamEcoProjects/Eco_Terror/Eco_Terror/Content/Characters/Mannequins/Animations/Manny/MM_Land.uexp" 896
"D:/TeamEcoProjects/Eco_Terror/Eco_Terror/Content/Characters/Mannequins/Animations/Manny/MM_Idle.uasset" 897
"D:/TeamEcoProjects/Eco_Terror/Eco_Terror/Content/Characters/Mannequins/Animations/Manny/MM_Idle.uexp" 898
"D:/TeamEcoProjects/Eco_Terror/Eco_Terror/Content/Characters/Mannequins/Animations/ABP_Manny.uasset" 899
"D:/TeamEcoProjects/Eco_Terror/Eco_Terror/Content/Characters/Mannequins/Animations/ABP_Manny.uexp" 900
"D:/TeamEcoProjects/Eco_Terror/Eco_Terror/Content/Characters/Mannequins/Animations/ABP_Quinn.uasset" 901
"D:/TeamEcoProjects/Eco_Terror/Eco_Terror/Content/Characters/Mannequins/Animations/ABP_Quinn.uexp" 902
"D:/TeamEcoProjects/Eco_Terror/Eco_Terror/Content/TeamOrca/BP_MainCharacter.uasset" 903
"D:/TeamEcoProjects/Eco_Terror/Eco_Terror/Content/TeamOrca/BP_MainCharacter.uexp" 904
"D:/TeamEcoProjects/Eco_Terror/Eco_Terror/Content/TeamOrca/Zeno/blueprints/BP_Item.uasset" 905
"D:/TeamEcoProjects/Eco_Terror/Eco_Terror/Content/TeamOrca/Zeno/blueprints/BP_Item.uexp" 906
"D:/TeamEcoProjects/Eco_Terror/Eco_Terror/Content/TeamOrca/Greyboxing/Materials/MI_Tree.uasset" 907
"D:/TeamEcoProjects/Eco_Terror/Eco_Terror/Content/TeamOrca/Greyboxing/Materials/MI_Tree.uexp" 908
"D:/TeamEcoProjects/Eco_Terror/Eco_Terror/Content/TeamOrca/StralveFolder/NaniteVegetation/SM_Tree.ubulk" 909
"D:/TeamEcoProjects/Eco_Terror/Eco_Terror/Content/TeamOrca/StralveFolder/NaniteVegetation/SM_Tree.uasset" 910
"D:/TeamEcoProjects/Eco_Terror/Eco_Terror/Content/TeamOrca/StralveFolder/NaniteVegetation/SM_Tree.uexp" 911
"D:/TeamEcoProjects/Eco_Terror/Eco_Terror/Content/TeamOrca/StralveFolder/NaniteVegetation/SM_Pine.ubulk" 912
"D:/TeamEcoProjects/Eco_Terror/Eco_Terror/Content/TeamOrca/StralveFolder/NaniteVegetation/SM_Pine.uasset" 913
"D:/TeamEcoProjects/Eco_Terror/Eco_Terror/Content/TeamOrca/StralveFolder/NaniteVegetation/SM_Pine.uexp" 914
"../../../Engine/Content/EngineMaterials/DefaultPhysicalMaterial.uasset" 915
"../../../Engine/Content/EngineMaterials/DefaultPhysicalMaterial.uexp" 916
"D:/TeamEcoProjects/Eco_Terror/Eco_Terror/Content/Characters/Mannequin_UE4/Textures/T_UELogo_N_TGA.ubulk" 917
"D:/TeamEcoProjects/Eco_Terror/Eco_Terror/Content/Characters/Mannequin_UE4/Textures/T_UELogo_N_TGA.uasset" 918
"D:/TeamEcoProjects/Eco_Terror/Eco_Terror/Content/Characters/Mannequin_UE4/Textures/T_UELogo_N_TGA.uexp" 919
"D:/TeamEcoProjects/Eco_Terror/Eco_Terror/Content/Characters/Mannequin_UE4/Textures/T_UE4_Mannequin__normals.ubulk" 920
"D:/TeamEcoProjects/Eco_Terror/Eco_Terror/Content/Characters/Mannequin_UE4/Textures/T_UE4_Mannequin__normals.uasset" 921
"D:/TeamEcoProjects/Eco_Terror/Eco_Terror/Content/Characters/Mannequin_UE4/Textures/T_UE4_Mannequin__normals.uexp" 922
"D:/TeamEcoProjects/Eco_Terror/Eco_Terror/Content/Characters/Mannequin_UE4/Materials/Layers/ML_ShinyPlastic_Beige.uasset" 923
"D:/TeamEcoProjects/Eco_Terror/Eco_Terror/Content/Characters/Mannequin_UE4/Materials/Layers/ML_ShinyPlastic_Beige.uexp" 924
"../../../Engine/Content/Functions/Engine_MaterialFunctions02/Utility/BlendAngleCorrectedNormals.uasset" 925
"../../../Engine/Content/Functions/Engine_MaterialFunctions02/Utility/BlendAngleCorrectedNormals.uexp" 926
"../../../Engine/Content/Functions/MaterialLayerFunctions/MatLayerBlend_NormalBlend.uasset" 927
"../../../Engine/Content/Functions/MaterialLayerFunctions/MatLayerBlend_NormalBlend.uexp" 928
"D:/TeamEcoProjects/Eco_Terror/Eco_Terror/Content/Characters/Mannequin_UE4/Textures/T_UELogo_Mask.ubulk" 929
"D:/TeamEcoProjects/Eco_Terror/Eco_Terror/Content/Characters/Mannequin_UE4/Textures/T_UELogo_Mask.uasset" 930
"D:/TeamEcoProjects/Eco_Terror/Eco_Terror/Content/Characters/Mannequin_UE4/Textures/T_UELogo_Mask.uexp" 931
"D:/TeamEcoProjects/Eco_Terror/Eco_Terror/Content/Characters/Mannequin_UE4/Materials/Layers/ML_ShinyPlastic_Beige_Logo.uasset" 932
"D:/TeamEcoProjects/Eco_Terror/Eco_Terror/Content/Characters/Mannequin_UE4/Materials/Layers/ML_ShinyPlastic_Beige_Logo.uexp" 933
"D:/TeamEcoProjects/Eco_Terror/Eco_Terror/Content/Characters/Mannequin_UE4/Textures/T_UE4_Mannequin_MAT_MASKA.ubulk" 934
"D:/TeamEcoProjects/Eco_Terror/Eco_Terror/Content/Characters/Mannequin_UE4/Textures/T_UE4_Mannequin_MAT_MASKA.uasset" 935
"D:/TeamEcoProjects/Eco_Terror/Eco_Terror/Content/Characters/Mannequin_UE4/Textures/T_UE4_Mannequin_MAT_MASKA.uexp" 936
"D:/TeamEcoProjects/Eco_Terror/Eco_Terror/Content/Characters/Mannequin_UE4/Textures/T_ML_Aluminum01_N.ubulk" 937
"D:/TeamEcoProjects/Eco_Terror/Eco_Terror/Content/Characters/Mannequin_UE4/Textures/T_ML_Aluminum01_N.uasset" 938
"D:/TeamEcoProjects/Eco_Terror/Eco_Terror/Content/Characters/Mannequin_UE4/Textures/T_ML_Aluminum01_N.uexp" 939
"D:/TeamEcoProjects/Eco_Terror/Eco_Terror/Content/Characters/Mannequin_UE4/Textures/T_ML_Aluminum01.ubulk" 940
"D:/TeamEcoProjects/Eco_Terror/Eco_Terror/Content/Characters/Mannequin_UE4/Textures/T_ML_Aluminum01.uasset" 941
"D:/TeamEcoProjects/Eco_Terror/Eco_Terror/Content/Characters/Mannequin_UE4/Textures/T_ML_Aluminum01.uexp" 942
"D:/TeamEcoProjects/Eco_Terror/Eco_Terror/Content/Characters/Mannequin_UE4/Materials/Layers/ML_SoftMetal.uasset" 943
"D:/TeamEcoProjects/Eco_Terror/Eco_Terror/Content/Characters/Mannequin_UE4/Materials/Layers/ML_SoftMetal.uexp" 944
"../../../Engine/Content/Functions/MaterialLayerFunctions/MatLayerBlend_Simple.uasset" 945
"../../../Engine/Content/Functions/MaterialLayerFunctions/MatLayerBlend_Simple.uexp" 946
"D:/TeamEcoProjects/Eco_Terror/Eco_Terror/Content/Characters/Mannequin_UE4/Textures/T_ML_Rubber_Blue_01_N.ubulk" 947
"D:/TeamEcoProjects/Eco_Terror/Eco_Terror/Content/Characters/Mannequin_UE4/Textures/T_ML_Rubber_Blue_01_N.uasset" 948
"D:/TeamEcoProjects/Eco_Terror/Eco_Terror/Content/Characters/Mannequin_UE4/Textures/T_ML_Rubber_Blue_01_N.uexp" 949
"D:/TeamEcoProjects/Eco_Terror/Eco_Terror/Content/Characters/Mannequin_UE4/Textures/T_ML_Rubber_Blue_01_D.ubulk" 950
"D:/TeamEcoProjects/Eco_Terror/Eco_Terror/Content/Characters/Mannequin_UE4/Textures/T_ML_Rubber_Blue_01_D.uasset" 951
"D:/TeamEcoProjects/Eco_Terror/Eco_Terror/Content/Characters/Mannequin_UE4/Textures/T_ML_Rubber_Blue_01_D.uexp" 952
"D:/TeamEcoProjects/Eco_Terror/Eco_Terror/Content/Characters/Mannequin_UE4/Materials/Layers/ML_Latex_Black.uasset" 953
"D:/TeamEcoProjects/Eco_Terror/Eco_Terror/Content/Characters/Mannequin_UE4/Materials/Layers/ML_Latex_Black.uexp" 954
"D:/TeamEcoProjects/Eco_Terror/Eco_Terror/Content/Characters/Mannequin_UE4/Materials/M_MannequinUE4_Body.uasset" 955
"D:/TeamEcoProjects/Eco_Terror/Eco_Terror/Content/Characters/Mannequin_UE4/Materials/M_MannequinUE4_Body.uexp" 956
"D:/TeamEcoProjects/Eco_Terror/Eco_Terror/Content/Characters/Mannequin_UE4/Materials/M_MannequinUE4_ChestLogo.uasset" 957
"D:/TeamEcoProjects/Eco_Terror/Eco_Terror/Content/Characters/Mannequin_UE4/Materials/M_MannequinUE4_ChestLogo.uexp" 958
"D:/TeamEcoProjects/Eco_Terror/Eco_Terror/Content/Characters/Mannequin_UE4/Meshes/SK_Mannequin_PhysicsAsset.uasset" 959
"D:/TeamEcoProjects/Eco_Terror/Eco_Terror/Content/Characters/Mannequin_UE4/Meshes/SK_Mannequin_PhysicsAsset.uexp" 960
"D:/TeamEcoProjects/Eco_Terror/Eco_Terror/Content/Characters/Mannequin_UE4/Meshes/SK_Mannequin_Skeleton.uasset" 961
"D:/TeamEcoProjects/Eco_Terror/Eco_Terror/Content/Characters/Mannequin_UE4/Meshes/SK_Mannequin_Skeleton.uexp" 962
"D:/TeamEcoProjects/Eco_Terror/Eco_Terror/Content/Characters/Mannequin_UE4/Meshes/SK_Mannequin.uasset" 963
"D:/TeamEcoProjects/Eco_Terror/Eco_Terror/Content/Characters/Mannequin_UE4/Meshes/SK_Mannequin.uexp" 964
"D:/TeamEcoProjects/Eco_Terror/Eco_Terror/Content/TeamOrca/StralveFolder/Widgets/WBP_ConfirmationScreen.uasset" 965
"D:/TeamEcoProjects/Eco_Terror/Eco_Terror/Content/TeamOrca/StralveFolder/Widgets/WBP_ConfirmationScreen.uexp" 966
"D:/TeamEcoProjects/Eco_Terror/Eco_Terror/Content/TeamOrca/StralveFolder/Widgets/WBP_PauseMenu.uasset" 967
"D:/TeamEcoProjects/Eco_Terror/Eco_Terror/Content/TeamOrca/StralveFolder/Widgets/WBP_PauseMenu.uexp" 968
"D:/TeamEcoProjects/Eco_Terror/Eco_Terror/Content/TeamOrca/StralveFolder/NaniteVegetation/SMF_Tree2.uasset" 969
"D:/TeamEcoProjects/Eco_Terror/Eco_Terror/Content/TeamOrca/StralveFolder/NaniteVegetation/SMF_Tree2.uexp" 970
"D:/TeamEcoProjects/Eco_Terror/Eco_Terror/Content/TeamOrca/Maps/L_Greyboxing_BuiltData.ubulk" 971
"D:/TeamEcoProjects/Eco_Terror/Eco_Terror/Content/TeamOrca/Maps/L_Greyboxing_BuiltData.uasset" 972
"D:/TeamEcoProjects/Eco_Terror/Eco_Terror/Content/TeamOrca/Maps/L_Greyboxing_BuiltData.uexp" 973
"D:/TeamEcoProjects/Eco_Terror/Eco_Terror/Content/TeamOrca/StralveFolder/NaniteVegetation/SMF_Tree1.uasset" 974
"D:/TeamEcoProjects/Eco_Terror/Eco_Terror/Content/TeamOrca/StralveFolder/NaniteVegetation/SMF_Tree1.uexp" 975
"D:/TeamEcoProjects/Eco_Terror/Eco_Terror/Content/TeamOrca/Greyboxing/Materials/MI_LevelMat.uasset" 976
"D:/TeamEcoProjects/Eco_Terror/Eco_Terror/Content/TeamOrca/Greyboxing/Materials/MI_LevelMat.uexp" 977
"D:/TeamEcoProjects/Eco_Terror/Eco_Terror/Content/ThirdPerson/Blueprints/BP_ThirdPersonGameMode.uasset" 978
"D:/TeamEcoProjects/Eco_Terror/Eco_Terror/Content/ThirdPerson/Blueprints/BP_ThirdPersonGameMode.uexp" 979
"D:/TeamEcoProjects/Eco_Terror/Eco_Terror/Content/TeamOrca/Maps/L_Greyboxing.uexp" 980
"D:/TeamEcoProjects/Eco_Terror/Eco_Terror/Content/TeamOrca/Maps/L_Greyboxing.ubulk" 981
"D:/TeamEcoProjects/Eco_Terror/Eco_Terror/Content/TeamOrca/Maps/L_Greyboxing.umap" 982
